Picked up JAVA_TOOL_OPTIONS: -Dstdout.encoding=UTF-8 -Dstderr.encoding=UTF-8
[INFO] Scanning for projects...
[INFO] 
[INFO] --------------< eci.edu.co:Tech-Cup-DOSW-BackEnd-2026-1 >---------------
[INFO] Building Tech Cup DOSW BackEnd 0.0.1-SNAPSHOT
[INFO]   from pom.xml
[INFO] --------------------------------[ jar ]---------------------------------
[INFO] 
[INFO] --- clean:3.3.2:clean (default-clean) @ Tech-Cup-DOSW-BackEnd-2026-1 ---
[INFO] Deleting E:\DOSW\Proyecto_T2\Backend\Tech-Cup-DOSW-2026-1-main\Tech-Cup-DOSW-2026-1-main\target
[INFO] 
[INFO] --- jacoco:0.8.11:prepare-agent (prepare-agent) @ Tech-Cup-DOSW-BackEnd-2026-1 ---
[INFO] argLine set to -javaagent:C:\\Users\\ASUS\\.m2\\repository\\org\\jacoco\\org.jacoco.agent\\0.8.11\\org.jacoco.agent-0.8.11-runtime.jar=destfile=E:\\DOSW\\Proyecto_T2\\Backend\\Tech-Cup-DOSW-2026-1-main\\Tech-Cup-DOSW-2026-1-main\\target\\jacoco.exec
[INFO] 
[INFO] --- resources:3.3.1:resources (default-resources) @ Tech-Cup-DOSW-BackEnd-2026-1 ---
[INFO] Copying 4 resources from src\main\resources to target\classes
[INFO] Copying 3 resources from src\main\resources to target\classes
[INFO] 
[INFO] --- compiler:3.14.0:compile (default-compile) @ Tech-Cup-DOSW-BackEnd-2026-1 ---
[INFO] Recompiling the module because of changed source code.
[INFO] Compiling 117 source files with javac [debug parameters release 21] to target\classes
[INFO] 
[INFO] --- resources:3.3.1:testResources (default-testResources) @ Tech-Cup-DOSW-BackEnd-2026-1 ---
[INFO] Copying 1 resource from src\test\resources to target\test-classes
[INFO] 
[INFO] --- compiler:3.14.0:testCompile (default-testCompile) @ Tech-Cup-DOSW-BackEnd-2026-1 ---
[INFO] Recompiling the module because of changed dependency.
[INFO] Compiling 37 source files with javac [debug parameters release 21] to target\test-classes
[INFO] 
[INFO] --- surefire:3.5.4:test (default-test) @ Tech-Cup-DOSW-BackEnd-2026-1 ---
[INFO] Tests are skipped.
[INFO] 
[INFO] --- jacoco:0.8.11:report (report) @ Tech-Cup-DOSW-BackEnd-2026-1 ---
[INFO] Skipping JaCoCo execution due to missing execution data file.
[INFO] 
[INFO] --- jacoco:0.8.11:check (jacoco-check) @ Tech-Cup-DOSW-BackEnd-2026-1 ---
[INFO] Skipping JaCoCo execution due to missing execution data file:E:\DOSW\Proyecto_T2\Backend\Tech-Cup-DOSW-2026-1-main\Tech-Cup-DOSW-2026-1-main\target\jacoco.exec
[INFO] 
[INFO] --- jar:3.4.1:jar (default-jar) @ Tech-Cup-DOSW-BackEnd-2026-1 ---
[INFO] Building jar: E:\DOSW\Proyecto_T2\Backend\Tech-Cup-DOSW-2026-1-main\Tech-Cup-DOSW-2026-1-main\target\Tech-Cup-DOSW-BackEnd-2026-1-0.0.1-SNAPSHOT.jar
[INFO] 
[INFO] --- spring-boot:3.3.0:repackage (repackage) @ Tech-Cup-DOSW-BackEnd-2026-1 ---
[INFO] Replacing main artifact E:\DOSW\Proyecto_T2\Backend\Tech-Cup-DOSW-2026-1-main\Tech-Cup-DOSW-2026-1-main\target\Tech-Cup-DOSW-BackEnd-2026-1-0.0.1-SNAPSHOT.jar with repackaged archive, adding nested dependencies in BOOT-INF/.
[INFO] The original artifact has been renamed to E:\DOSW\Proyecto_T2\Backend\Tech-Cup-DOSW-2026-1-main\Tech-Cup-DOSW-2026-1-main\target\Tech-Cup-DOSW-BackEnd-2026-1-0.0.1-SNAPSHOT.jar.original
[INFO] ------------------------------------------------------------------------
[INFO] BUILD SUCCESS
[INFO] ------------------------------------------------------------------------
[INFO] Total time:  48.761 s
[INFO] Finished at: 2026-04-06T19:00:07-05:00
[INFO] ------------------------------------------------------------------------
