ts=2026-04-05T12:03:12.576-05:00 level=INFO  thread=background-preinit logger=o.h.validator.internal.util.Version requestId=N/A method=N/A path=N/A msg=HV000001: Hibernate Validator 8.0.1.Final 
ts=2026-04-05T12:03:12.694-05:00 level=INFO  thread=main logger=e.e.c.T.c.TournamentControllerSecurityTest requestId=N/A method=N/A path=N/A msg=Starting TournamentControllerSecurityTest using Java 21.0.10 with PID 55820 (started by juanv in C:\Users\juanv\OneDrive\Documentos\DOSW\Tech-Cup-DOSW-2026-1) 
ts=2026-04-05T12:03:12.695-05:00 level=DEBUG thread=main logger=e.e.c.T.c.TournamentControllerSecurityTest requestId=N/A method=N/A path=N/A msg=Running with Spring Boot v3.3.0, Spring v6.1.8 
ts=2026-04-05T12:03:12.696-05:00 level=INFO  thread=main logger=e.e.c.T.c.TournamentControllerSecurityTest requestId=N/A method=N/A path=N/A msg=The following 1 profile is active: "ssl-test" 
ts=2026-04-05T12:03:17.698-05:00 level=INFO  thread=main logger=o.s.s.web.DefaultSecurityFilterChain requestId=N/A method=N/A path=N/A msg=Will secure any request with [org.springframework.security.web.session.DisableEncodeUrlFilter@51be4bf5, org.springframework.security.web.context.request.async.WebAsyncManagerIntegrationFilter@54b48b, org.springframework.security.web.context.SecurityContextHolderFilter@400c0d26, org.springframework.security.web.header.HeaderWriterFilter@43e587cd, org.springframework.web.filter.CorsFilter@481d6644, org.springframework.security.web.authentication.logout.LogoutFilter@711329fe, org.springframework.security.oauth2.client.web.OAuth2AuthorizationRequestRedirectFilter@26a5775f, org.springframework.security.oauth2.client.web.OAuth2LoginAuthenticationFilter@2e8ff687, eci.edu.co.Tech_Cup_DOSW_BackEnd_2026_1.core.security.JwtAuthenticationFilter@2fad7002, org.springframework.security.web.savedrequest.RequestCacheAwareFilter@339de67e, org.springframework.security.web.servletapi.SecurityContextHolderAwareRequestFilter@75351aec, org.springframework.security.web.authentication.AnonymousAuthenticationFilter@3d3362f5, org.springframework.security.web.session.SessionManagementFilter@6557d4c6, org.springframework.security.web.access.ExceptionTranslationFilter@35c344ce, org.springframework.security.web.access.intercept.AuthorizationFilter@234ad505] 
ts=2026-04-05T12:03:18.196-05:00 level=DEBUG thread=main logger=e.e.c.T.c.logging.RequestTracingFilter requestId=N/A method=N/A path=N/A msg=Filter 'requestTracingFilter' configured for use 
ts=2026-04-05T12:03:18.197-05:00 level=DEBUG thread=main logger=e.e.c.T.c.s.JwtAuthenticationFilter requestId=N/A method=N/A path=N/A msg=Filter 'jwtAuthenticationFilter' configured for use 
ts=2026-04-05T12:03:18.213-05:00 level=INFO  thread=main logger=o.s.b.t.m.w.SpringBootMockServletContext requestId=N/A method=N/A path=N/A msg=Initializing Spring TestDispatcherServlet '' 
ts=2026-04-05T12:03:18.213-05:00 level=INFO  thread=main logger=o.s.t.web.servlet.TestDispatcherServlet requestId=N/A method=N/A path=N/A msg=Initializing Servlet '' 
ts=2026-04-05T12:03:18.215-05:00 level=INFO  thread=main logger=o.s.t.web.servlet.TestDispatcherServlet requestId=N/A method=N/A path=N/A msg=Completed initialization in 2 ms 
ts=2026-04-05T12:03:18.263-05:00 level=INFO  thread=main logger=e.e.c.T.c.TournamentControllerSecurityTest requestId=N/A method=N/A path=N/A msg=Started TournamentControllerSecurityTest in 6.716 seconds (process running for 9.237) 
ts=2026-04-05T12:03:18.543-05:00 level=INFO  thread=main logger=e.e.c.T.c.logging.RequestTracingFilter requestId=7780a069-f2ee-46c9-bb67-5b15a594c1a0 method=POST path=/api/tournaments msg=request_received 
ts=2026-04-05T12:03:18.826-05:00 level=INFO  thread=main logger=e.e.c.T.controller.TournamentController requestId=7780a069-f2ee-46c9-bb67-5b15a594c1a0 method=POST path=/api/tournaments msg=REST create tournament endpoint called 
ts=2026-04-05T12:03:18.865-05:00 level=INFO  thread=main logger=e.e.c.T.c.logging.RequestTracingFilter requestId=7780a069-f2ee-46c9-bb67-5b15a594c1a0 method=POST path=/api/tournaments msg=request_completed status=201 durationMs=323 
ts=2026-04-05T12:03:18.906-05:00 level=INFO  thread=main logger=e.e.c.T.c.logging.RequestTracingFilter requestId=66ab716c-8bb0-4ba8-8167-cf140afca41c method=GET path=/api/tournaments/1 msg=request_received 
ts=2026-04-05T12:03:18.910-05:00 level=INFO  thread=main logger=e.e.c.T.controller.TournamentController requestId=66ab716c-8bb0-4ba8-8167-cf140afca41c method=GET path=/api/tournaments/1 msg=REST get tournament endpoint called for id: 1 
ts=2026-04-05T12:03:18.911-05:00 level=INFO  thread=main logger=e.e.c.T.c.logging.RequestTracingFilter requestId=66ab716c-8bb0-4ba8-8167-cf140afca41c method=GET path=/api/tournaments/1 msg=request_completed status=200 durationMs=5 
ts=2026-04-05T12:03:18.925-05:00 level=INFO  thread=main logger=e.e.c.T.c.logging.RequestTracingFilter requestId=e4672c3b-a990-40ca-9645-547ff7a0c5a2 method=PATCH path=/api/tournaments/1/status msg=request_received 
ts=2026-04-05T12:03:18.936-05:00 level=INFO  thread=main logger=e.e.c.T.controller.TournamentController requestId=e4672c3b-a990-40ca-9645-547ff7a0c5a2 method=PATCH path=/api/tournaments/1/status msg=REST change tournament status endpoint called for id: 1 
ts=2026-04-05T12:03:18.937-05:00 level=INFO  thread=main logger=e.e.c.T.c.logging.RequestTracingFilter requestId=e4672c3b-a990-40ca-9645-547ff7a0c5a2 method=PATCH path=/api/tournaments/1/status msg=request_completed status=200 durationMs=12 
ts=2026-04-05T12:03:18.948-05:00 level=INFO  thread=main logger=e.e.c.T.c.logging.RequestTracingFilter requestId=bc476a13-f7e5-4c48-bf33-292ae1f639bc method=POST path=/api/tournaments msg=request_received 
ts=2026-04-05T12:03:18.949-05:00 level=INFO  thread=main logger=e.e.c.T.controller.TournamentController requestId=bc476a13-f7e5-4c48-bf33-292ae1f639bc method=POST path=/api/tournaments msg=REST create tournament endpoint called 
ts=2026-04-05T12:03:18.950-05:00 level=INFO  thread=main logger=e.e.c.T.c.logging.RequestTracingFilter requestId=bc476a13-f7e5-4c48-bf33-292ae1f639bc method=POST path=/api/tournaments msg=request_completed status=201 durationMs=2 
ts=2026-04-05T12:03:18.961-05:00 level=INFO  thread=main logger=e.e.c.T.c.logging.RequestTracingFilter requestId=8729d548-2a5b-432c-be0d-5c804c06a60f method=PATCH path=/api/tournaments/1/status msg=request_received 
ts=2026-04-05T12:03:18.966-05:00 level=WARN  thread=main logger=e.e.c.T.c.handler.GlobalExceptionHandler requestId=8729d548-2a5b-432c-be0d-5c804c06a60f method=PATCH path=/api/tournaments/1/status msg=access_denied message=Access Denied 
ts=2026-04-05T12:03:18.974-05:00 level=INFO  thread=main logger=e.e.c.T.c.logging.RequestTracingFilter requestId=8729d548-2a5b-432c-be0d-5c804c06a60f method=PATCH path=/api/tournaments/1/status msg=request_completed status=403 durationMs=13 
ts=2026-04-05T12:03:18.983-05:00 level=INFO  thread=main logger=e.e.c.T.c.logging.RequestTracingFilter requestId=22097ccd-e591-45f2-9040-14271f8178c3 method=POST path=/api/tournaments msg=request_received 
ts=2026-04-05T12:03:18.984-05:00 level=WARN  thread=main logger=e.e.c.T.c.handler.GlobalExceptionHandler requestId=22097ccd-e591-45f2-9040-14271f8178c3 method=POST path=/api/tournaments msg=access_denied message=Access Denied 
ts=2026-04-05T12:03:18.985-05:00 level=INFO  thread=main logger=e.e.c.T.c.logging.RequestTracingFilter requestId=22097ccd-e591-45f2-9040-14271f8178c3 method=POST path=/api/tournaments msg=request_completed status=403 durationMs=2 
ts=2026-04-05T12:03:19.020-05:00 level=INFO  thread=main logger=e.e.c.T.c.logging.RequestTracingFilter requestId=eb35d939-6ae7-45e1-ab6d-573fb16162a6 method=POST path=/api/tournaments msg=request_received 
ts=2026-04-05T12:03:19.022-05:00 level=WARN  thread=main logger=e.e.c.T.c.handler.GlobalExceptionHandler requestId=eb35d939-6ae7-45e1-ab6d-573fb16162a6 method=POST path=/api/tournaments msg=access_denied message=Access Denied 
ts=2026-04-05T12:03:19.023-05:00 level=INFO  thread=main logger=e.e.c.T.c.logging.RequestTracingFilter requestId=eb35d939-6ae7-45e1-ab6d-573fb16162a6 method=POST path=/api/tournaments msg=request_completed status=403 durationMs=3 
ts=2026-04-05T12:03:19.034-05:00 level=INFO  thread=main logger=e.e.c.T.c.logging.RequestTracingFilter requestId=83a8279e-6c06-4d42-ac37-44dd2b631eb9 method=PATCH path=/api/tournaments/1/status msg=request_received 
ts=2026-04-05T12:03:19.035-05:00 level=INFO  thread=main logger=e.e.c.T.controller.TournamentController requestId=83a8279e-6c06-4d42-ac37-44dd2b631eb9 method=PATCH path=/api/tournaments/1/status msg=REST change tournament status endpoint called for id: 1 
ts=2026-04-05T12:03:19.036-05:00 level=INFO  thread=main logger=e.e.c.T.c.logging.RequestTracingFilter requestId=83a8279e-6c06-4d42-ac37-44dd2b631eb9 method=PATCH path=/api/tournaments/1/status msg=request_completed status=200 durationMs=3 
ts=2026-04-05T12:03:19.046-05:00 level=INFO  thread=main logger=e.e.c.T.c.logging.RequestTracingFilter requestId=c7befc76-4bdd-4dae-8e3a-0d274819f8d1 method=PUT path=/api/tournaments/1/config msg=request_received 
ts=2026-04-05T12:03:19.053-05:00 level=WARN  thread=main logger=e.e.c.T.c.handler.GlobalExceptionHandler requestId=c7befc76-4bdd-4dae-8e3a-0d274819f8d1 method=PUT path=/api/tournaments/1/config msg=access_denied message=Access Denied 
ts=2026-04-05T12:03:19.055-05:00 level=INFO  thread=main logger=e.e.c.T.c.logging.RequestTracingFilter requestId=c7befc76-4bdd-4dae-8e3a-0d274819f8d1 method=PUT path=/api/tournaments/1/config msg=request_completed status=403 durationMs=9 
ts=2026-04-05T12:03:19.064-05:00 level=INFO  thread=main logger=e.e.c.T.c.logging.RequestTracingFilter requestId=e8f6f830-ef8f-459e-bbe5-f005e15e8278 method=PUT path=/api/tournaments/1/config msg=request_received 
ts=2026-04-05T12:03:19.066-05:00 level=INFO  thread=main logger=e.e.c.T.controller.TournamentController requestId=e8f6f830-ef8f-459e-bbe5-f005e15e8278 method=PUT path=/api/tournaments/1/config msg=REST configure tournament endpoint called for id: 1 
ts=2026-04-05T12:03:19.067-05:00 level=INFO  thread=main logger=e.e.c.T.c.logging.RequestTracingFilter requestId=e8f6f830-ef8f-459e-bbe5-f005e15e8278 method=PUT path=/api/tournaments/1/config msg=request_completed status=200 durationMs=3 
ts=2026-04-05T12:03:19.083-05:00 level=INFO  thread=main logger=o.s.t.c.s.AnnotationConfigContextLoaderUtils requestId=N/A method=N/A path=N/A msg=Could not detect default configuration classes for test class [eci.edu.co.Tech_Cup_DOSW_BackEnd_2026_1.controller.TournamentControllerTest]: TournamentControllerTest does not declare any static, non-private, non-final, nested classes annotated with @Configuration. 
ts=2026-04-05T12:03:19.111-05:00 level=INFO  thread=main logger=o.s.b.t.c.SpringBootTestContextBootstrapper requestId=N/A method=N/A path=N/A msg=Found @SpringBootConfiguration eci.edu.co.Tech_Cup_DOSW_BackEnd_2026_1.TechCupDoswBackEnd20261Application for test class eci.edu.co.Tech_Cup_DOSW_BackEnd_2026_1.controller.TournamentControllerTest 
ts=2026-04-05T12:03:19.200-05:00 level=INFO  thread=main logger=e.e.c.T.c.TournamentControllerTest requestId=N/A method=N/A path=N/A msg=Starting TournamentControllerTest using Java 21.0.10 with PID 55820 (started by juanv in C:\Users\juanv\OneDrive\Documentos\DOSW\Tech-Cup-DOSW-2026-1) 
ts=2026-04-05T12:03:19.201-05:00 level=DEBUG thread=main logger=e.e.c.T.c.TournamentControllerTest requestId=N/A method=N/A path=N/A msg=Running with Spring Boot v3.3.0, Spring v6.1.8 
ts=2026-04-05T12:03:19.201-05:00 level=INFO  thread=main logger=e.e.c.T.c.TournamentControllerTest requestId=N/A method=N/A path=N/A msg=The following 1 profile is active: "ssl-test" 
ts=2026-04-05T12:03:22.247-05:00 level=INFO  thread=main logger=o.s.s.web.DefaultSecurityFilterChain requestId=N/A method=N/A path=N/A msg=Will secure any request with [org.springframework.security.web.session.DisableEncodeUrlFilter@4c3133a1, org.springframework.security.web.context.request.async.WebAsyncManagerIntegrationFilter@2fea162a, org.springframework.security.web.context.SecurityContextHolderFilter@7020deaa, org.springframework.security.web.header.HeaderWriterFilter@7ec65043, org.springframework.web.filter.CorsFilter@40889699, org.springframework.security.web.csrf.CsrfFilter@25428bab, org.springframework.security.web.authentication.logout.LogoutFilter@2d22d4b9, org.springframework.security.oauth2.client.web.OAuth2AuthorizationRequestRedirectFilter@1222d0e4, org.springframework.security.oauth2.client.web.OAuth2AuthorizationRequestRedirectFilter@64992713, org.springframework.security.oauth2.client.web.OAuth2LoginAuthenticationFilter@7746ae18, org.springframework.security.web.authentication.ui.DefaultLoginPageGeneratingFilter@6a584533, org.springframework.security.web.authentication.ui.DefaultLogoutPageGeneratingFilter@639f7054, org.springframework.security.web.savedrequest.RequestCacheAwareFilter@418e1cd6, org.springframework.security.web.servletapi.SecurityContextHolderAwareRequestFilter@26505df2, org.springframework.security.web.authentication.AnonymousAuthenticationFilter@26f6fbbd, org.springframework.security.oauth2.client.web.OAuth2AuthorizationCodeGrantFilter@20e06a86, org.springframework.security.web.access.ExceptionTranslationFilter@15fe48f5, org.springframework.security.web.access.intercept.AuthorizationFilter@64f0271e] 
ts=2026-04-05T12:03:22.263-05:00 level=INFO  thread=main logger=o.s.b.t.m.w.SpringBootMockServletContext requestId=N/A method=N/A path=N/A msg=Initializing Spring TestDispatcherServlet '' 
ts=2026-04-05T12:03:22.263-05:00 level=INFO  thread=main logger=o.s.t.web.servlet.TestDispatcherServlet requestId=N/A method=N/A path=N/A msg=Initializing Servlet '' 
ts=2026-04-05T12:03:22.265-05:00 level=INFO  thread=main logger=o.s.t.web.servlet.TestDispatcherServlet requestId=N/A method=N/A path=N/A msg=Completed initialization in 2 ms 
ts=2026-04-05T12:03:22.271-05:00 level=INFO  thread=main logger=e.e.c.T.c.TournamentControllerTest requestId=N/A method=N/A path=N/A msg=Started TournamentControllerTest in 3.149 seconds (process running for 13.244) 
ts=2026-04-05T12:03:22.292-05:00 level=INFO  thread=main logger=e.e.c.T.controller.TournamentController requestId=N/A method=N/A path=N/A msg=REST configure tournament endpoint called for id: 999 
ts=2026-04-05T12:03:22.295-05:00 level=WARN  thread=main logger=e.e.c.T.c.handler.GlobalExceptionHandler requestId=N/A method=N/A path=N/A msg=resource_not_found message=Tournament not found 
ts=2026-04-05T12:03:22.308-05:00 level=INFO  thread=main logger=e.e.c.T.controller.TournamentController requestId=N/A method=N/A path=N/A msg=REST get tournament endpoint called for id: 1 
ts=2026-04-05T12:03:22.397-05:00 level=INFO  thread=main logger=e.e.c.T.controller.TournamentController requestId=N/A method=N/A path=N/A msg=REST create tournament endpoint called 
ts=2026-04-05T12:03:22.405-05:00 level=INFO  thread=main logger=e.e.c.T.controller.TournamentController requestId=N/A method=N/A path=N/A msg=REST get tournament endpoint called for id: 999 
ts=2026-04-05T12:03:22.406-05:00 level=WARN  thread=main logger=e.e.c.T.c.handler.GlobalExceptionHandler requestId=N/A method=N/A path=N/A msg=resource_not_found message=Tournament not found 
ts=2026-04-05T12:03:22.417-05:00 level=INFO  thread=main logger=e.e.c.T.controller.TournamentController requestId=N/A method=N/A path=N/A msg=REST change tournament status endpoint called for id: 1 
ts=2026-04-05T12:03:22.431-05:00 level=INFO  thread=main logger=e.e.c.T.controller.TournamentController requestId=N/A method=N/A path=N/A msg=REST change tournament status endpoint called for id: 999 
ts=2026-04-05T12:03:22.432-05:00 level=WARN  thread=main logger=e.e.c.T.c.handler.GlobalExceptionHandler requestId=N/A method=N/A path=N/A msg=resource_not_found message=Tournament not found 
ts=2026-04-05T12:03:22.443-05:00 level=INFO  thread=main logger=e.e.c.T.controller.TournamentController requestId=N/A method=N/A path=N/A msg=REST configure tournament endpoint called for id: 1 
ts=2026-04-05T12:03:22.921-05:00 level=INFO  thread=main logger=e.e.c.T.c.s.impl.TournamentServiceImpl requestId=N/A method=N/A path=N/A msg=Changing status for tournament: 1 to ACTIVE 
ts=2026-04-05T12:03:22.924-05:00 level=DEBUG thread=main logger=e.e.c.T.c.s.impl.TournamentServiceImpl requestId=N/A method=N/A path=N/A msg=Tournament state transition - from: DRAFT to: ACTIVE 
ts=2026-04-05T12:03:22.924-05:00 level=DEBUG thread=main logger=e.e.c.T.c.s.impl.TournamentServiceImpl requestId=N/A method=N/A path=N/A msg=Validating status transition rules 
ts=2026-04-05T12:03:22.924-05:00 level=DEBUG thread=main logger=e.e.c.T.c.s.impl.TournamentServiceImpl requestId=N/A method=N/A path=N/A msg=Tournament status updated in memory 
ts=2026-04-05T12:03:22.925-05:00 level=INFO  thread=main logger=e.e.c.T.c.s.impl.TournamentServiceImpl requestId=N/A method=N/A path=N/A msg=Tournament status updated successfully for id: 1 
ts=2026-04-05T12:03:22.925-05:00 level=DEBUG thread=main logger=e.e.c.T.c.s.impl.TournamentServiceImpl requestId=N/A method=N/A path=N/A msg=Status transition persisted to database 
ts=2026-04-05T12:03:22.951-05:00 level=INFO  thread=main logger=e.e.c.T.c.s.impl.TournamentServiceImpl requestId=N/A method=N/A path=N/A msg=Changing status for tournament: 999 to ACTIVE 
ts=2026-04-05T12:03:22.951-05:00 level=WARN  thread=main logger=e.e.c.T.c.s.impl.TournamentServiceImpl requestId=N/A method=N/A path=N/A msg=Tournament 999 not found 
ts=2026-04-05T12:03:22.971-05:00 level=INFO  thread=main logger=e.e.c.T.c.s.impl.TournamentServiceImpl requestId=N/A method=N/A path=N/A msg=Configuring tournament: 999 
ts=2026-04-05T12:03:22.971-05:00 level=DEBUG thread=main logger=e.e.c.T.c.s.impl.TournamentServiceImpl requestId=N/A method=N/A path=N/A msg=Configuration parameters - startDate: 2026-04-01, endDate: 2026-06-30, teamCount: 8, costPerTeam: 300000.0 
ts=2026-04-05T12:03:22.972-05:00 level=WARN  thread=main logger=e.e.c.T.c.s.impl.TournamentServiceImpl requestId=N/A method=N/A path=N/A msg=Tournament 999 not found 
ts=2026-04-05T12:03:22.987-05:00 level=INFO  thread=main logger=e.e.c.T.c.s.impl.TournamentServiceImpl requestId=N/A method=N/A path=N/A msg=Configuring tournament: 1 
ts=2026-04-05T12:03:22.988-05:00 level=DEBUG thread=main logger=e.e.c.T.c.s.impl.TournamentServiceImpl requestId=N/A method=N/A path=N/A msg=Configuration parameters - startDate: 2026-04-01, endDate: 2026-06-30, teamCount: 8, costPerTeam: 300000.0 
ts=2026-04-05T12:03:22.988-05:00 level=DEBUG thread=main logger=e.e.c.T.c.s.impl.TournamentServiceImpl requestId=N/A method=N/A path=N/A msg=Tournament retrieved with current status: DRAFT 
ts=2026-04-05T12:03:22.988-05:00 level=DEBUG thread=main logger=e.e.c.T.c.s.impl.TournamentServiceImpl requestId=N/A method=N/A path=N/A msg=Tournament configuration updated in memory 
ts=2026-04-05T12:03:22.988-05:00 level=INFO  thread=main logger=e.e.c.T.c.s.impl.TournamentServiceImpl requestId=N/A method=N/A path=N/A msg=Tournament configured successfully for id: 1 
ts=2026-04-05T12:03:22.988-05:00 level=DEBUG thread=main logger=e.e.c.T.c.s.impl.TournamentServiceImpl requestId=N/A method=N/A path=N/A msg=Tournament persisted to database 
ts=2026-04-05T12:03:22.997-05:00 level=INFO  thread=main logger=e.e.c.T.c.s.impl.TournamentServiceImpl requestId=N/A method=N/A path=N/A msg=Fetching tournament: 1 
ts=2026-04-05T12:03:23.004-05:00 level=INFO  thread=main logger=e.e.c.T.c.s.impl.TournamentServiceImpl requestId=N/A method=N/A path=N/A msg=Fetching tournament: 999 
ts=2026-04-05T12:03:23.004-05:00 level=WARN  thread=main logger=e.e.c.T.c.s.impl.TournamentServiceImpl requestId=N/A method=N/A path=N/A msg=Tournament 999 not found 
ts=2026-04-05T12:03:23.013-05:00 level=INFO  thread=main logger=e.e.c.T.c.s.impl.TournamentServiceImpl requestId=N/A method=N/A path=N/A msg=Creating new tournament: Football Tournament 2026-1 
ts=2026-04-05T12:03:23.013-05:00 level=INFO  thread=main logger=e.e.c.T.c.s.impl.TournamentServiceImpl requestId=N/A method=N/A path=N/A msg=Tournament created successfully with id: 1 
ts=2026-04-05T12:03:23.020-05:00 level=INFO  thread=main logger=e.e.c.T.c.s.impl.TournamentServiceImpl requestId=N/A method=N/A path=N/A msg=Creating new tournament: Football Tournament 2026-1 
ts=2026-04-05T12:03:23.020-05:00 level=INFO  thread=main logger=e.e.c.T.c.s.impl.TournamentServiceImpl requestId=N/A method=N/A path=N/A msg=Tournament created successfully with id: 1 
ts=2026-04-05T12:03:44.827-05:00 level=INFO  thread=background-preinit logger=o.h.validator.internal.util.Version requestId=N/A method=N/A path=N/A msg=HV000001: Hibernate Validator 8.0.1.Final 
ts=2026-04-05T12:03:44.855-05:00 level=INFO  thread=main logger=e.e.c.T.c.mapper.TournamentMapperTest requestId=N/A method=N/A path=N/A msg=Starting TournamentMapperTest using Java 21.0.10 with PID 51440 (started by juanv in C:\Users\juanv\OneDrive\Documentos\DOSW\Tech-Cup-DOSW-2026-1) 
ts=2026-04-05T12:03:44.856-05:00 level=DEBUG thread=main logger=e.e.c.T.c.mapper.TournamentMapperTest requestId=N/A method=N/A path=N/A msg=Running with Spring Boot v3.3.0, Spring v6.1.8 
ts=2026-04-05T12:03:44.857-05:00 level=INFO  thread=main logger=e.e.c.T.c.mapper.TournamentMapperTest requestId=N/A method=N/A path=N/A msg=The following 1 profile is active: "ssl-test" 
ts=2026-04-05T12:03:46.096-05:00 level=INFO  thread=main logger=o.s.d.r.c.RepositoryConfigurationDelegate requestId=N/A method=N/A path=N/A msg=Bootstrapping Spring Data JPA repositories in DEFAULT mode. 
ts=2026-04-05T12:03:46.276-05:00 level=INFO  thread=main logger=o.s.d.r.c.RepositoryConfigurationDelegate requestId=N/A method=N/A path=N/A msg=Finished Spring Data repository scanning in 168 ms. Found 15 JPA repository interfaces. 
ts=2026-04-05T12:03:47.422-05:00 level=INFO  thread=main logger=o.hibernate.jpa.internal.util.LogHelper requestId=N/A method=N/A path=N/A msg=HHH000204: Processing PersistenceUnitInfo [name: default] 
ts=2026-04-05T12:03:47.529-05:00 level=INFO  thread=main logger=org.hibernate.Version requestId=N/A method=N/A path=N/A msg=HHH000412: Hibernate ORM core version 6.5.2.Final 
ts=2026-04-05T12:03:47.581-05:00 level=INFO  thread=main logger=o.h.c.internal.RegionFactoryInitiator requestId=N/A method=N/A path=N/A msg=HHH000026: Second-level cache disabled 
ts=2026-04-05T12:03:48.077-05:00 level=INFO  thread=main logger=o.s.o.j.p.SpringPersistenceUnitInfo requestId=N/A method=N/A path=N/A msg=No LoadTimeWeaver setup: ignoring JPA class transformer 
ts=2026-04-05T12:03:48.114-05:00 level=INFO  thread=main logger=com.zaxxer.hikari.HikariDataSource requestId=N/A method=N/A path=N/A msg=HikariPool-1 - Starting... 
ts=2026-04-05T12:03:48.410-05:00 level=INFO  thread=main logger=com.zaxxer.hikari.pool.HikariPool requestId=N/A method=N/A path=N/A msg=HikariPool-1 - Added connection org.postgresql.jdbc.PgConnection@13d5606c 
ts=2026-04-05T12:03:48.412-05:00 level=INFO  thread=main logger=com.zaxxer.hikari.HikariDataSource requestId=N/A method=N/A path=N/A msg=HikariPool-1 - Start completed. 
ts=2026-04-05T12:03:48.497-05:00 level=WARN  thread=main logger=org.hibernate.orm.deprecation requestId=N/A method=N/A path=N/A msg=HHH90000025: PostgreSQLDialect does not need to be specified explicitly using 'hibernate.dialect' (remove the property setting and it will be selected by default) 
ts=2026-04-05T12:03:50.330-05:00 level=INFO  thread=main logger=o.h.e.t.j.p.i.JtaPlatformInitiator requestId=N/A method=N/A path=N/A msg=HHH000489: No JTA platform available (set 'hibernate.transaction.jta.platform' to enable JTA platform integration) 
ts=2026-04-05T12:03:50.502-05:00 level=DEBUG thread=main logger=org.hibernate.SQL requestId=N/A method=N/A path=N/A msg=
    alter table if exists tournaments 
       alter column rules set data type TEXT 
ts=2026-04-05T12:03:50.905-05:00 level=INFO  thread=main logger=o.s.o.j.LocalContainerEntityManagerFactoryBean requestId=N/A method=N/A path=N/A msg=Initialized JPA EntityManagerFactory for persistence unit 'default' 
ts=2026-04-05T12:03:52.563-05:00 level=WARN  thread=main logger=o.s.b.a.o.j.JpaBaseConfiguration$JpaWebConfiguration requestId=N/A method=N/A path=N/A msg=spring.jpa.open-in-view is enabled by default. Therefore, database queries may be performed during view rendering. Explicitly configure spring.jpa.open-in-view to disable this warning 
ts=2026-04-05T12:03:53.307-05:00 level=INFO  thread=main logger=o.s.s.web.DefaultSecurityFilterChain requestId=N/A method=N/A path=N/A msg=Will secure any request with [org.springframework.security.web.session.DisableEncodeUrlFilter@6999dca2, org.springframework.security.web.context.request.async.WebAsyncManagerIntegrationFilter@312af870, org.springframework.security.web.context.SecurityContextHolderFilter@3eff5c32, org.springframework.security.web.header.HeaderWriterFilter@158119bf, org.springframework.web.filter.CorsFilter@27df971b, org.springframework.security.web.authentication.logout.LogoutFilter@10014459, org.springframework.security.oauth2.client.web.OAuth2AuthorizationRequestRedirectFilter@6e245068, org.springframework.security.oauth2.client.web.OAuth2LoginAuthenticationFilter@1bb1ba54, eci.edu.co.Tech_Cup_DOSW_BackEnd_2026_1.core.security.JwtAuthenticationFilter@5b5f06bb, org.springframework.security.web.savedrequest.RequestCacheAwareFilter@31e08c61, org.springframework.security.web.servletapi.SecurityContextHolderAwareRequestFilter@2db15764, org.springframework.security.web.authentication.AnonymousAuthenticationFilter@1160c54b, org.springframework.security.web.session.SessionManagementFilter@7980eb2, org.springframework.security.web.access.ExceptionTranslationFilter@6d9069ab, org.springframework.security.web.access.intercept.AuthorizationFilter@63793f16] 
ts=2026-04-05T12:03:54.115-05:00 level=INFO  thread=main logger=e.e.c.T.c.mapper.TournamentMapperTest requestId=N/A method=N/A path=N/A msg=Started TournamentMapperTest in 9.878 seconds (process running for 11.348) 
ts=2026-04-05T12:03:54.936-05:00 level=INFO  thread=main logger=e.e.c.T.c.l.ControllerLoggingAspect requestId=N/A method=N/A path=N/A msg=controller_request method=TournamentMapperImpl.toEntity(..) args=[TournamentRequest(name=Copa DOSW 2026, startDate=2026-04-01, endDate=2026-06-30, teamCount=8, costPerTeam=300000.0)] 
ts=2026-04-05T12:03:54.937-05:00 level=DEBUG thread=main logger=e.e.c.T.c.l.ControllerLoggingAspect requestId=N/A method=N/A path=N/A msg=controller_request_debug method=TournamentMapperImpl.toEntity(..) argCount=1 
ts=2026-04-05T12:03:54.937-05:00 level=INFO  thread=main logger=e.e.c.T.c.l.ControllerLoggingAspect requestId=N/A method=N/A path=N/A msg=controller_response method=TournamentMapperImpl.toEntity(..) durationMs=1 status=OK 
ts=2026-04-05T12:03:54.975-05:00 level=INFO  thread=main logger=e.e.c.T.c.l.ControllerLoggingAspect requestId=N/A method=N/A path=N/A msg=controller_request method=TournamentMapperImpl.toResponse(..) args=[Tournament(id=1, name=Copa DOSW 2026, startDate=2026-04-01, endDate=2026-06-30, teamCount=8, costPerTeam=300000.0, rules=null, inscriptionCloseDate=null, createdBy=null, status=DRAFT)] 
ts=2026-04-05T12:03:54.976-05:00 level=DEBUG thread=main logger=e.e.c.T.c.l.ControllerLoggingAspect requestId=N/A method=N/A path=N/A msg=controller_request_debug method=TournamentMapperImpl.toResponse(..) argCount=1 
ts=2026-04-05T12:03:54.977-05:00 level=INFO  thread=main logger=e.e.c.T.c.l.ControllerLoggingAspect requestId=N/A method=N/A path=N/A msg=controller_response method=TournamentMapperImpl.toResponse(..) durationMs=2 status=OK 
ts=2026-04-05T12:03:54.987-05:00 level=INFO  thread=main logger=e.e.c.T.c.l.ControllerLoggingAspect requestId=N/A method=N/A path=N/A msg=controller_request method=TournamentMapperImpl.toResponse(..) args=[Tournament(id=1, name=Test, startDate=null, endDate=null, teamCount=0, costPerTeam=0.0, rules=null, inscriptionCloseDate=null, createdBy=null, status=DRAFT)] 
ts=2026-04-05T12:03:54.987-05:00 level=DEBUG thread=main logger=e.e.c.T.c.l.ControllerLoggingAspect requestId=N/A method=N/A path=N/A msg=controller_request_debug method=TournamentMapperImpl.toResponse(..) argCount=1 
ts=2026-04-05T12:03:54.988-05:00 level=INFO  thread=main logger=e.e.c.T.c.l.ControllerLoggingAspect requestId=N/A method=N/A path=N/A msg=controller_response method=TournamentMapperImpl.toResponse(..) durationMs=1 status=OK 
ts=2026-04-05T12:03:54.988-05:00 level=INFO  thread=main logger=e.e.c.T.c.l.ControllerLoggingAspect requestId=N/A method=N/A path=N/A msg=controller_request method=TournamentMapperImpl.toResponse(..) args=[Tournament(id=1, name=Test, startDate=null, endDate=null, teamCount=0, costPerTeam=0.0, rules=null, inscriptionCloseDate=null, createdBy=null, status=ACTIVE)] 
ts=2026-04-05T12:03:54.988-05:00 level=DEBUG thread=main logger=e.e.c.T.c.l.ControllerLoggingAspect requestId=N/A method=N/A path=N/A msg=controller_request_debug method=TournamentMapperImpl.toResponse(..) argCount=1 
ts=2026-04-05T12:03:54.988-05:00 level=INFO  thread=main logger=e.e.c.T.c.l.ControllerLoggingAspect requestId=N/A method=N/A path=N/A msg=controller_response method=TournamentMapperImpl.toResponse(..) durationMs=0 status=OK 
ts=2026-04-05T12:03:54.988-05:00 level=INFO  thread=main logger=e.e.c.T.c.l.ControllerLoggingAspect requestId=N/A method=N/A path=N/A msg=controller_request method=TournamentMapperImpl.toResponse(..) args=[Tournament(id=1, name=Test, startDate=null, endDate=null, teamCount=0, costPerTeam=0.0, rules=null, inscriptionCloseDate=null, createdBy=null, status=IN_PROGRESS)] 
ts=2026-04-05T12:03:54.989-05:00 level=DEBUG thread=main logger=e.e.c.T.c.l.ControllerLoggingAspect requestId=N/A method=N/A path=N/A msg=controller_request_debug method=TournamentMapperImpl.toResponse(..) argCount=1 
ts=2026-04-05T12:03:54.989-05:00 level=INFO  thread=main logger=e.e.c.T.c.l.ControllerLoggingAspect requestId=N/A method=N/A path=N/A msg=controller_response method=TournamentMapperImpl.toResponse(..) durationMs=1 status=OK 
ts=2026-04-05T12:03:54.989-05:00 level=INFO  thread=main logger=e.e.c.T.c.l.ControllerLoggingAspect requestId=N/A method=N/A path=N/A msg=controller_request method=TournamentMapperImpl.toResponse(..) args=[Tournament(id=1, name=Test, startDate=null, endDate=null, teamCount=0, costPerTeam=0.0, rules=null, inscriptionCloseDate=null, createdBy=null, status=FINISHED)] 
ts=2026-04-05T12:03:54.989-05:00 level=DEBUG thread=main logger=e.e.c.T.c.l.ControllerLoggingAspect requestId=N/A method=N/A path=N/A msg=controller_request_debug method=TournamentMapperImpl.toResponse(..) argCount=1 
ts=2026-04-05T12:03:54.989-05:00 level=INFO  thread=main logger=e.e.c.T.c.l.ControllerLoggingAspect requestId=N/A method=N/A path=N/A msg=controller_response method=TournamentMapperImpl.toResponse(..) durationMs=0 status=OK 
ts=2026-04-05T12:03:54.997-05:00 level=INFO  thread=main logger=e.e.c.T.c.l.ControllerLoggingAspect requestId=N/A method=N/A path=N/A msg=controller_request method=TournamentMapperImpl.toEntity(..) args=[TournamentRequest(name=null, startDate=null, endDate=null, teamCount=0, costPerTeam=0.0)] 
ts=2026-04-05T12:03:54.997-05:00 level=DEBUG thread=main logger=e.e.c.T.c.l.ControllerLoggingAspect requestId=N/A method=N/A path=N/A msg=controller_request_debug method=TournamentMapperImpl.toEntity(..) argCount=1 
ts=2026-04-05T12:03:54.997-05:00 level=INFO  thread=main logger=e.e.c.T.c.l.ControllerLoggingAspect requestId=N/A method=N/A path=N/A msg=controller_response method=TournamentMapperImpl.toEntity(..) durationMs=0 status=OK 
ts=2026-04-05T12:03:55.069-05:00 level=INFO  thread=SpringApplicationShutdownHook logger=o.s.o.j.LocalContainerEntityManagerFactoryBean requestId=N/A method=N/A path=N/A msg=Closing JPA EntityManagerFactory for persistence unit 'default' 
ts=2026-04-05T12:03:55.072-05:00 level=INFO  thread=SpringApplicationShutdownHook logger=com.zaxxer.hikari.HikariDataSource requestId=N/A method=N/A path=N/A msg=HikariPool-1 - Shutdown initiated... 
ts=2026-04-05T12:03:55.076-05:00 level=INFO  thread=SpringApplicationShutdownHook logger=com.zaxxer.hikari.HikariDataSource requestId=N/A method=N/A path=N/A msg=HikariPool-1 - Shutdown completed. 
ts=2026-04-05T12:16:14.232-05:00 level=INFO  thread=background-preinit logger=o.h.validator.internal.util.Version requestId=N/A method=N/A path=N/A msg=HV000001: Hibernate Validator 8.0.1.Final 
ts=2026-04-05T12:16:14.297-05:00 level=INFO  thread=main logger=e.e.c.T.c.TournamentControllerSecurityTest requestId=N/A method=N/A path=N/A msg=Starting TournamentControllerSecurityTest using Java 21.0.10 with PID 10696 (started by juanv in C:\Users\juanv\OneDrive\Documentos\DOSW\Tech-Cup-DOSW-2026-1) 
ts=2026-04-05T12:16:14.298-05:00 level=DEBUG thread=main logger=e.e.c.T.c.TournamentControllerSecurityTest requestId=N/A method=N/A path=N/A msg=Running with Spring Boot v3.3.0, Spring v6.1.8 
ts=2026-04-05T12:16:14.298-05:00 level=INFO  thread=main logger=e.e.c.T.c.TournamentControllerSecurityTest requestId=N/A method=N/A path=N/A msg=The following 1 profile is active: "ssl-test" 
ts=2026-04-05T12:16:17.874-05:00 level=INFO  thread=main logger=o.s.s.web.DefaultSecurityFilterChain requestId=N/A method=N/A path=N/A msg=Will secure any request with [org.springframework.security.web.session.DisableEncodeUrlFilter@16e5344c, org.springframework.security.web.context.request.async.WebAsyncManagerIntegrationFilter@3ba5c4dd, org.springframework.security.web.context.SecurityContextHolderFilter@562f6681, org.springframework.security.web.header.HeaderWriterFilter@4ea48b2e, org.springframework.web.filter.CorsFilter@47fca3cc, org.springframework.security.web.authentication.logout.LogoutFilter@1868ed54, org.springframework.security.oauth2.client.web.OAuth2AuthorizationRequestRedirectFilter@26712838, org.springframework.security.oauth2.client.web.OAuth2LoginAuthenticationFilter@11978f52, eci.edu.co.Tech_Cup_DOSW_BackEnd_2026_1.core.security.JwtAuthenticationFilter@38a38ed4, org.springframework.security.web.savedrequest.RequestCacheAwareFilter@990b86b, org.springframework.security.web.servletapi.SecurityContextHolderAwareRequestFilter@105c6c9e, org.springframework.security.web.authentication.AnonymousAuthenticationFilter@55746340, org.springframework.security.web.session.SessionManagementFilter@76f9e000, org.springframework.security.web.access.ExceptionTranslationFilter@6cfd08e9, org.springframework.security.web.access.intercept.AuthorizationFilter@4dd4965a] 
ts=2026-04-05T12:16:18.175-05:00 level=DEBUG thread=main logger=e.e.c.T.c.logging.RequestTracingFilter requestId=N/A method=N/A path=N/A msg=Filter 'requestTracingFilter' configured for use 
ts=2026-04-05T12:16:18.176-05:00 level=DEBUG thread=main logger=e.e.c.T.c.s.JwtAuthenticationFilter requestId=N/A method=N/A path=N/A msg=Filter 'jwtAuthenticationFilter' configured for use 
ts=2026-04-05T12:16:18.186-05:00 level=INFO  thread=main logger=o.s.b.t.m.w.SpringBootMockServletContext requestId=N/A method=N/A path=N/A msg=Initializing Spring TestDispatcherServlet '' 
ts=2026-04-05T12:16:18.187-05:00 level=INFO  thread=main logger=o.s.t.web.servlet.TestDispatcherServlet requestId=N/A method=N/A path=N/A msg=Initializing Servlet '' 
ts=2026-04-05T12:16:18.190-05:00 level=INFO  thread=main logger=o.s.t.web.servlet.TestDispatcherServlet requestId=N/A method=N/A path=N/A msg=Completed initialization in 3 ms 
ts=2026-04-05T12:16:18.226-05:00 level=INFO  thread=main logger=e.e.c.T.c.TournamentControllerSecurityTest requestId=N/A method=N/A path=N/A msg=Started TournamentControllerSecurityTest in 4.605 seconds (process running for 6.138) 
ts=2026-04-05T12:16:18.454-05:00 level=INFO  thread=main logger=e.e.c.T.c.logging.RequestTracingFilter requestId=85ba5614-a81e-41d3-b6a6-a2d3ebe6b0ef method=PUT path=/api/tournaments/1/setup msg=request_received 
ts=2026-04-05T12:16:18.619-05:00 level=INFO  thread=main logger=e.e.c.T.controller.TournamentController requestId=85ba5614-a81e-41d3-b6a6-a2d3ebe6b0ef method=PUT path=/api/tournaments/1/setup msg=REST setup tournament endpoint called for id: 1 
ts=2026-04-05T12:16:18.651-05:00 level=INFO  thread=main logger=e.e.c.T.c.logging.RequestTracingFilter requestId=85ba5614-a81e-41d3-b6a6-a2d3ebe6b0ef method=PUT path=/api/tournaments/1/setup msg=request_completed status=200 durationMs=198 
ts=2026-04-05T12:16:18.689-05:00 level=INFO  thread=main logger=e.e.c.T.c.logging.RequestTracingFilter requestId=59904921-f466-4a32-92cc-3522e200bc05 method=PUT path=/api/tournaments/1/setup msg=request_received 
ts=2026-04-05T12:16:18.694-05:00 level=WARN  thread=main logger=e.e.c.T.c.handler.GlobalExceptionHandler requestId=59904921-f466-4a32-92cc-3522e200bc05 method=PUT path=/api/tournaments/1/setup msg=access_denied message=Access Denied 
ts=2026-04-05T12:16:18.703-05:00 level=INFO  thread=main logger=e.e.c.T.c.logging.RequestTracingFilter requestId=59904921-f466-4a32-92cc-3522e200bc05 method=PUT path=/api/tournaments/1/setup msg=request_completed status=403 durationMs=14 
ts=2026-04-05T12:16:18.718-05:00 level=INFO  thread=main logger=e.e.c.T.c.logging.RequestTracingFilter requestId=1a323dac-1153-4f69-87ca-3bcf37c6be99 method=POST path=/api/tournaments msg=request_received 
ts=2026-04-05T12:16:18.731-05:00 level=INFO  thread=main logger=e.e.c.T.controller.TournamentController requestId=1a323dac-1153-4f69-87ca-3bcf37c6be99 method=POST path=/api/tournaments msg=REST create tournament endpoint called 
ts=2026-04-05T12:16:18.738-05:00 level=INFO  thread=main logger=e.e.c.T.c.logging.RequestTracingFilter requestId=1a323dac-1153-4f69-87ca-3bcf37c6be99 method=POST path=/api/tournaments msg=request_completed status=201 durationMs=20 
ts=2026-04-05T12:16:18.747-05:00 level=INFO  thread=main logger=e.e.c.T.c.logging.RequestTracingFilter requestId=e42d6cc9-fa8a-494b-b8bf-622e5711e289 method=GET path=/api/tournaments/1 msg=request_received 
ts=2026-04-05T12:16:18.749-05:00 level=INFO  thread=main logger=e.e.c.T.controller.TournamentController requestId=e42d6cc9-fa8a-494b-b8bf-622e5711e289 method=GET path=/api/tournaments/1 msg=REST get tournament endpoint called for id: 1 
ts=2026-04-05T12:16:18.751-05:00 level=INFO  thread=main logger=e.e.c.T.c.logging.RequestTracingFilter requestId=e42d6cc9-fa8a-494b-b8bf-622e5711e289 method=GET path=/api/tournaments/1 msg=request_completed status=200 durationMs=4 
ts=2026-04-05T12:16:18.764-05:00 level=INFO  thread=main logger=e.e.c.T.c.logging.RequestTracingFilter requestId=67f241fe-ed13-48d0-9772-193847ca5408 method=PATCH path=/api/tournaments/1/status msg=request_received 
ts=2026-04-05T12:16:18.773-05:00 level=INFO  thread=main logger=e.e.c.T.controller.TournamentController requestId=67f241fe-ed13-48d0-9772-193847ca5408 method=PATCH path=/api/tournaments/1/status msg=REST change tournament status endpoint called for id: 1 
ts=2026-04-05T12:16:18.776-05:00 level=INFO  thread=main logger=e.e.c.T.c.logging.RequestTracingFilter requestId=67f241fe-ed13-48d0-9772-193847ca5408 method=PATCH path=/api/tournaments/1/status msg=request_completed status=200 durationMs=12 
ts=2026-04-05T12:16:18.784-05:00 level=INFO  thread=main logger=e.e.c.T.c.logging.RequestTracingFilter requestId=6becf358-3ba8-4d86-b792-0e0bdb6b712f method=POST path=/api/tournaments msg=request_received 
ts=2026-04-05T12:16:18.785-05:00 level=INFO  thread=main logger=e.e.c.T.controller.TournamentController requestId=6becf358-3ba8-4d86-b792-0e0bdb6b712f method=POST path=/api/tournaments msg=REST create tournament endpoint called 
ts=2026-04-05T12:16:18.786-05:00 level=INFO  thread=main logger=e.e.c.T.c.logging.RequestTracingFilter requestId=6becf358-3ba8-4d86-b792-0e0bdb6b712f method=POST path=/api/tournaments msg=request_completed status=201 durationMs=2 
ts=2026-04-05T12:16:18.796-05:00 level=INFO  thread=main logger=e.e.c.T.c.logging.RequestTracingFilter requestId=451c6dfd-8de7-42a6-9257-2aa56e1e6911 method=PATCH path=/api/tournaments/1/status msg=request_received 
ts=2026-04-05T12:16:18.798-05:00 level=WARN  thread=main logger=e.e.c.T.c.handler.GlobalExceptionHandler requestId=451c6dfd-8de7-42a6-9257-2aa56e1e6911 method=PATCH path=/api/tournaments/1/status msg=access_denied message=Access Denied 
ts=2026-04-05T12:16:18.800-05:00 level=INFO  thread=main logger=e.e.c.T.c.logging.RequestTracingFilter requestId=451c6dfd-8de7-42a6-9257-2aa56e1e6911 method=PATCH path=/api/tournaments/1/status msg=request_completed status=403 durationMs=4 
ts=2026-04-05T12:16:18.809-05:00 level=INFO  thread=main logger=e.e.c.T.c.logging.RequestTracingFilter requestId=660934c4-a829-4606-8caf-e740dc6783ef method=POST path=/api/tournaments msg=request_received 
ts=2026-04-05T12:16:18.811-05:00 level=WARN  thread=main logger=e.e.c.T.c.handler.GlobalExceptionHandler requestId=660934c4-a829-4606-8caf-e740dc6783ef method=POST path=/api/tournaments msg=access_denied message=Access Denied 
ts=2026-04-05T12:16:18.813-05:00 level=INFO  thread=main logger=e.e.c.T.c.logging.RequestTracingFilter requestId=660934c4-a829-4606-8caf-e740dc6783ef method=POST path=/api/tournaments msg=request_completed status=403 durationMs=4 
ts=2026-04-05T12:16:18.846-05:00 level=INFO  thread=main logger=e.e.c.T.c.logging.RequestTracingFilter requestId=8b272ea0-5b87-48e4-80dc-7b3cbce3d8a8 method=POST path=/api/tournaments msg=request_received 
ts=2026-04-05T12:16:18.850-05:00 level=WARN  thread=main logger=e.e.c.T.c.handler.GlobalExceptionHandler requestId=8b272ea0-5b87-48e4-80dc-7b3cbce3d8a8 method=POST path=/api/tournaments msg=access_denied message=Access Denied 
ts=2026-04-05T12:16:18.852-05:00 level=INFO  thread=main logger=e.e.c.T.c.logging.RequestTracingFilter requestId=8b272ea0-5b87-48e4-80dc-7b3cbce3d8a8 method=POST path=/api/tournaments msg=request_completed status=403 durationMs=6 
ts=2026-04-05T12:16:18.862-05:00 level=INFO  thread=main logger=e.e.c.T.c.logging.RequestTracingFilter requestId=c071c1b7-96e8-44f8-a13c-7816111bc1ec method=PATCH path=/api/tournaments/1/status msg=request_received 
ts=2026-04-05T12:16:18.863-05:00 level=INFO  thread=main logger=e.e.c.T.controller.TournamentController requestId=c071c1b7-96e8-44f8-a13c-7816111bc1ec method=PATCH path=/api/tournaments/1/status msg=REST change tournament status endpoint called for id: 1 
ts=2026-04-05T12:16:18.864-05:00 level=INFO  thread=main logger=e.e.c.T.c.logging.RequestTracingFilter requestId=c071c1b7-96e8-44f8-a13c-7816111bc1ec method=PATCH path=/api/tournaments/1/status msg=request_completed status=200 durationMs=3 
ts=2026-04-05T12:16:18.873-05:00 level=INFO  thread=main logger=e.e.c.T.c.logging.RequestTracingFilter requestId=440dbad4-19d5-48fc-a3eb-dea199c75f2c method=PUT path=/api/tournaments/1/config msg=request_received 
ts=2026-04-05T12:16:18.878-05:00 level=WARN  thread=main logger=e.e.c.T.c.handler.GlobalExceptionHandler requestId=440dbad4-19d5-48fc-a3eb-dea199c75f2c method=PUT path=/api/tournaments/1/config msg=access_denied message=Access Denied 
ts=2026-04-05T12:16:18.879-05:00 level=INFO  thread=main logger=e.e.c.T.c.logging.RequestTracingFilter requestId=440dbad4-19d5-48fc-a3eb-dea199c75f2c method=PUT path=/api/tournaments/1/config msg=request_completed status=403 durationMs=6 
ts=2026-04-05T12:16:18.891-05:00 level=INFO  thread=main logger=e.e.c.T.c.logging.RequestTracingFilter requestId=8e5301bf-ea19-442b-afd9-32c806b31c83 method=PUT path=/api/tournaments/1/config msg=request_received 
ts=2026-04-05T12:16:18.893-05:00 level=INFO  thread=main logger=e.e.c.T.controller.TournamentController requestId=8e5301bf-ea19-442b-afd9-32c806b31c83 method=PUT path=/api/tournaments/1/config msg=REST configure tournament endpoint called for id: 1 
ts=2026-04-05T12:16:18.895-05:00 level=INFO  thread=main logger=e.e.c.T.c.logging.RequestTracingFilter requestId=8e5301bf-ea19-442b-afd9-32c806b31c83 method=PUT path=/api/tournaments/1/config msg=request_completed status=200 durationMs=4 
ts=2026-04-05T12:16:18.905-05:00 level=INFO  thread=main logger=e.e.c.T.c.logging.RequestTracingFilter requestId=f0125f94-9e70-4b75-a6fe-f3b705d2d40d method=PUT path=/api/tournaments/1/setup msg=request_received 
ts=2026-04-05T12:16:18.907-05:00 level=INFO  thread=main logger=e.e.c.T.controller.TournamentController requestId=f0125f94-9e70-4b75-a6fe-f3b705d2d40d method=PUT path=/api/tournaments/1/setup msg=REST setup tournament endpoint called for id: 1 
ts=2026-04-05T12:16:18.908-05:00 level=INFO  thread=main logger=e.e.c.T.c.logging.RequestTracingFilter requestId=f0125f94-9e70-4b75-a6fe-f3b705d2d40d method=PUT path=/api/tournaments/1/setup msg=request_completed status=200 durationMs=3 
ts=2026-04-05T12:16:18.922-05:00 level=INFO  thread=main logger=o.s.t.c.s.AnnotationConfigContextLoaderUtils requestId=N/A method=N/A path=N/A msg=Could not detect default configuration classes for test class [eci.edu.co.Tech_Cup_DOSW_BackEnd_2026_1.controller.TournamentControllerTest]: TournamentControllerTest does not declare any static, non-private, non-final, nested classes annotated with @Configuration. 
ts=2026-04-05T12:16:18.948-05:00 level=INFO  thread=main logger=o.s.b.t.c.SpringBootTestContextBootstrapper requestId=N/A method=N/A path=N/A msg=Found @SpringBootConfiguration eci.edu.co.Tech_Cup_DOSW_BackEnd_2026_1.TechCupDoswBackEnd20261Application for test class eci.edu.co.Tech_Cup_DOSW_BackEnd_2026_1.controller.TournamentControllerTest 
ts=2026-04-05T12:16:19.007-05:00 level=INFO  thread=main logger=e.e.c.T.c.TournamentControllerTest requestId=N/A method=N/A path=N/A msg=Starting TournamentControllerTest using Java 21.0.10 with PID 10696 (started by juanv in C:\Users\juanv\OneDrive\Documentos\DOSW\Tech-Cup-DOSW-2026-1) 
ts=2026-04-05T12:16:19.008-05:00 level=DEBUG thread=main logger=e.e.c.T.c.TournamentControllerTest requestId=N/A method=N/A path=N/A msg=Running with Spring Boot v3.3.0, Spring v6.1.8 
ts=2026-04-05T12:16:19.008-05:00 level=INFO  thread=main logger=e.e.c.T.c.TournamentControllerTest requestId=N/A method=N/A path=N/A msg=The following 1 profile is active: "ssl-test" 
ts=2026-04-05T12:16:21.782-05:00 level=INFO  thread=main logger=o.s.s.web.DefaultSecurityFilterChain requestId=N/A method=N/A path=N/A msg=Will secure any request with [org.springframework.security.web.session.DisableEncodeUrlFilter@3dbf3bc, org.springframework.security.web.context.request.async.WebAsyncManagerIntegrationFilter@626ff077, org.springframework.security.web.context.SecurityContextHolderFilter@8ad182c, org.springframework.security.web.header.HeaderWriterFilter@10f60e36, org.springframework.web.filter.CorsFilter@3b850bb7, org.springframework.security.web.csrf.CsrfFilter@7010c9e4, org.springframework.security.web.authentication.logout.LogoutFilter@3a83cfbc, org.springframework.security.oauth2.client.web.OAuth2AuthorizationRequestRedirectFilter@164db8f0, org.springframework.security.oauth2.client.web.OAuth2AuthorizationRequestRedirectFilter@1f6d3a81, org.springframework.security.oauth2.client.web.OAuth2LoginAuthenticationFilter@8a7cd7c, org.springframework.security.web.authentication.ui.DefaultLoginPageGeneratingFilter@12925d2, org.springframework.security.web.authentication.ui.DefaultLogoutPageGeneratingFilter@6802c10e, org.springframework.security.web.savedrequest.RequestCacheAwareFilter@7e84af34, org.springframework.security.web.servletapi.SecurityContextHolderAwareRequestFilter@218e186b, org.springframework.security.web.authentication.AnonymousAuthenticationFilter@341889a1, org.springframework.security.oauth2.client.web.OAuth2AuthorizationCodeGrantFilter@39a09c0, org.springframework.security.web.access.ExceptionTranslationFilter@28befd62, org.springframework.security.web.access.intercept.AuthorizationFilter@7a689979] 
ts=2026-04-05T12:16:21.798-05:00 level=INFO  thread=main logger=o.s.b.t.m.w.SpringBootMockServletContext requestId=N/A method=N/A path=N/A msg=Initializing Spring TestDispatcherServlet '' 
ts=2026-04-05T12:16:21.799-05:00 level=INFO  thread=main logger=o.s.t.web.servlet.TestDispatcherServlet requestId=N/A method=N/A path=N/A msg=Initializing Servlet '' 
ts=2026-04-05T12:16:21.799-05:00 level=INFO  thread=main logger=o.s.t.web.servlet.TestDispatcherServlet requestId=N/A method=N/A path=N/A msg=Completed initialization in 0 ms 
ts=2026-04-05T12:16:21.806-05:00 level=INFO  thread=main logger=e.e.c.T.c.TournamentControllerTest requestId=N/A method=N/A path=N/A msg=Started TournamentControllerTest in 2.851 seconds (process running for 9.719) 
ts=2026-04-05T12:16:21.827-05:00 level=INFO  thread=main logger=e.e.c.T.controller.TournamentController requestId=N/A method=N/A path=N/A msg=REST setup tournament endpoint called for id: 999 
ts=2026-04-05T12:16:21.829-05:00 level=WARN  thread=main logger=e.e.c.T.c.handler.GlobalExceptionHandler requestId=N/A method=N/A path=N/A msg=resource_not_found message=Tournament not found 
ts=2026-04-05T12:16:21.854-05:00 level=INFO  thread=main logger=e.e.c.T.controller.TournamentController requestId=N/A method=N/A path=N/A msg=REST configure tournament endpoint called for id: 999 
ts=2026-04-05T12:16:21.855-05:00 level=WARN  thread=main logger=e.e.c.T.c.handler.GlobalExceptionHandler requestId=N/A method=N/A path=N/A msg=resource_not_found message=Tournament not found 
ts=2026-04-05T12:16:21.867-05:00 level=INFO  thread=main logger=e.e.c.T.controller.TournamentController requestId=N/A method=N/A path=N/A msg=REST get tournament endpoint called for id: 1 
ts=2026-04-05T12:16:21.941-05:00 level=INFO  thread=main logger=e.e.c.T.controller.TournamentController requestId=N/A method=N/A path=N/A msg=REST create tournament endpoint called 
ts=2026-04-05T12:16:21.953-05:00 level=INFO  thread=main logger=e.e.c.T.controller.TournamentController requestId=N/A method=N/A path=N/A msg=REST setup tournament endpoint called for id: 1 
ts=2026-04-05T12:16:21.954-05:00 level=WARN  thread=main logger=e.e.c.T.c.handler.GlobalExceptionHandler requestId=N/A method=N/A path=N/A msg=validation_exception message=Errores de validacion 
ts=2026-04-05T12:16:21.970-05:00 level=INFO  thread=main logger=e.e.c.T.controller.TournamentController requestId=N/A method=N/A path=N/A msg=REST get tournament endpoint called for id: 999 
ts=2026-04-05T12:16:21.972-05:00 level=WARN  thread=main logger=e.e.c.T.c.handler.GlobalExceptionHandler requestId=N/A method=N/A path=N/A msg=resource_not_found message=Tournament not found 
ts=2026-04-05T12:16:21.986-05:00 level=INFO  thread=main logger=e.e.c.T.controller.TournamentController requestId=N/A method=N/A path=N/A msg=REST change tournament status endpoint called for id: 1 
ts=2026-04-05T12:16:21.997-05:00 level=INFO  thread=main logger=e.e.c.T.controller.TournamentController requestId=N/A method=N/A path=N/A msg=REST setup tournament endpoint called for id: 1 
ts=2026-04-05T12:16:22.011-05:00 level=INFO  thread=main logger=e.e.c.T.controller.TournamentController requestId=N/A method=N/A path=N/A msg=REST change tournament status endpoint called for id: 999 
ts=2026-04-05T12:16:22.012-05:00 level=WARN  thread=main logger=e.e.c.T.c.handler.GlobalExceptionHandler requestId=N/A method=N/A path=N/A msg=resource_not_found message=Tournament not found 
ts=2026-04-05T12:16:22.020-05:00 level=INFO  thread=main logger=e.e.c.T.controller.TournamentController requestId=N/A method=N/A path=N/A msg=REST configure tournament endpoint called for id: 1 
ts=2026-04-05T12:16:22.686-05:00 level=INFO  thread=main logger=e.e.c.T.c.s.impl.TournamentServiceImpl requestId=N/A method=N/A path=N/A msg=Setting up tournament: 999 
ts=2026-04-05T12:16:22.687-05:00 level=WARN  thread=main logger=e.e.c.T.c.s.impl.TournamentServiceImpl requestId=N/A method=N/A path=N/A msg=Tournament 999 not found 
ts=2026-04-05T12:16:22.699-05:00 level=INFO  thread=main logger=e.e.c.T.c.s.impl.TournamentServiceImpl requestId=N/A method=N/A path=N/A msg=Setting up tournament: 1 
ts=2026-04-05T12:16:22.700-05:00 level=DEBUG thread=main logger=e.e.c.T.c.s.impl.TournamentServiceImpl requestId=N/A method=N/A path=N/A msg=Tournament rules and sanction config updated 
ts=2026-04-05T12:16:22.703-05:00 level=DEBUG thread=main logger=e.e.c.T.c.s.impl.TournamentServiceImpl requestId=N/A method=N/A path=N/A msg=Saved 0 courts for tournament 1 
ts=2026-04-05T12:16:22.705-05:00 level=DEBUG thread=main logger=e.e.c.T.c.s.impl.TournamentServiceImpl requestId=N/A method=N/A path=N/A msg=Saved 0 dates for tournament 1 
ts=2026-04-05T12:16:22.705-05:00 level=INFO  thread=main logger=e.e.c.T.c.s.impl.TournamentServiceImpl requestId=N/A method=N/A path=N/A msg=Tournament 1 setup completed successfully 
ts=2026-04-05T12:16:22.732-05:00 level=INFO  thread=main logger=e.e.c.T.c.s.impl.TournamentServiceImpl requestId=N/A method=N/A path=N/A msg=Setting up tournament: 1 
ts=2026-04-05T12:16:22.733-05:00 level=DEBUG thread=main logger=e.e.c.T.c.s.impl.TournamentServiceImpl requestId=N/A method=N/A path=N/A msg=Tournament rules and sanction config updated 
ts=2026-04-05T12:16:22.733-05:00 level=DEBUG thread=main logger=e.e.c.T.c.s.impl.TournamentServiceImpl requestId=N/A method=N/A path=N/A msg=Saved 2 courts for tournament 1 
ts=2026-04-05T12:16:22.733-05:00 level=DEBUG thread=main logger=e.e.c.T.c.s.impl.TournamentServiceImpl requestId=N/A method=N/A path=N/A msg=Saved 0 dates for tournament 1 
ts=2026-04-05T12:16:22.733-05:00 level=INFO  thread=main logger=e.e.c.T.c.s.impl.TournamentServiceImpl requestId=N/A method=N/A path=N/A msg=Tournament 1 setup completed successfully 
ts=2026-04-05T12:16:22.741-05:00 level=INFO  thread=main logger=e.e.c.T.c.s.impl.TournamentServiceImpl requestId=N/A method=N/A path=N/A msg=Setting up tournament: 1 
ts=2026-04-05T12:16:22.741-05:00 level=DEBUG thread=main logger=e.e.c.T.c.s.impl.TournamentServiceImpl requestId=N/A method=N/A path=N/A msg=Tournament rules and sanction config updated 
ts=2026-04-05T12:16:22.741-05:00 level=DEBUG thread=main logger=e.e.c.T.c.s.impl.TournamentServiceImpl requestId=N/A method=N/A path=N/A msg=Saved 2 courts for tournament 1 
ts=2026-04-05T12:16:22.741-05:00 level=DEBUG thread=main logger=e.e.c.T.c.s.impl.TournamentServiceImpl requestId=N/A method=N/A path=N/A msg=Saved 1 dates for tournament 1 
ts=2026-04-05T12:16:22.742-05:00 level=INFO  thread=main logger=e.e.c.T.c.s.impl.TournamentServiceImpl requestId=N/A method=N/A path=N/A msg=Tournament 1 setup completed successfully 
ts=2026-04-05T12:16:22.754-05:00 level=INFO  thread=main logger=e.e.c.T.c.s.impl.TournamentServiceImpl requestId=N/A method=N/A path=N/A msg=Changing status for tournament: 1 to ACTIVE 
ts=2026-04-05T12:16:22.754-05:00 level=DEBUG thread=main logger=e.e.c.T.c.s.impl.TournamentServiceImpl requestId=N/A method=N/A path=N/A msg=Tournament state transition - from: DRAFT to: ACTIVE 
ts=2026-04-05T12:16:22.755-05:00 level=DEBUG thread=main logger=e.e.c.T.c.s.impl.TournamentServiceImpl requestId=N/A method=N/A path=N/A msg=Validating status transition rules 
ts=2026-04-05T12:16:22.755-05:00 level=DEBUG thread=main logger=e.e.c.T.c.s.impl.TournamentServiceImpl requestId=N/A method=N/A path=N/A msg=Tournament status updated in memory 
ts=2026-04-05T12:16:22.755-05:00 level=INFO  thread=main logger=e.e.c.T.c.s.impl.TournamentServiceImpl requestId=N/A method=N/A path=N/A msg=Tournament status updated successfully for id: 1 
ts=2026-04-05T12:16:22.755-05:00 level=DEBUG thread=main logger=e.e.c.T.c.s.impl.TournamentServiceImpl requestId=N/A method=N/A path=N/A msg=Status transition persisted to database 
ts=2026-04-05T12:16:22.761-05:00 level=INFO  thread=main logger=e.e.c.T.c.s.impl.TournamentServiceImpl requestId=N/A method=N/A path=N/A msg=Changing status for tournament: 999 to ACTIVE 
ts=2026-04-05T12:16:22.762-05:00 level=WARN  thread=main logger=e.e.c.T.c.s.impl.TournamentServiceImpl requestId=N/A method=N/A path=N/A msg=Tournament 999 not found 
ts=2026-04-05T12:16:22.772-05:00 level=INFO  thread=main logger=e.e.c.T.c.s.impl.TournamentServiceImpl requestId=N/A method=N/A path=N/A msg=Configuring tournament: 999 
ts=2026-04-05T12:16:22.772-05:00 level=DEBUG thread=main logger=e.e.c.T.c.s.impl.TournamentServiceImpl requestId=N/A method=N/A path=N/A msg=Configuration parameters - startDate: 2026-04-01, endDate: 2026-06-30, teamCount: 8, costPerTeam: 300000.0 
ts=2026-04-05T12:16:22.773-05:00 level=WARN  thread=main logger=e.e.c.T.c.s.impl.TournamentServiceImpl requestId=N/A method=N/A path=N/A msg=Tournament 999 not found 
ts=2026-04-05T12:16:22.787-05:00 level=INFO  thread=main logger=e.e.c.T.c.s.impl.TournamentServiceImpl requestId=N/A method=N/A path=N/A msg=Configuring tournament: 1 
ts=2026-04-05T12:16:22.787-05:00 level=DEBUG thread=main logger=e.e.c.T.c.s.impl.TournamentServiceImpl requestId=N/A method=N/A path=N/A msg=Configuration parameters - startDate: 2026-04-01, endDate: 2026-06-30, teamCount: 8, costPerTeam: 300000.0 
ts=2026-04-05T12:16:22.787-05:00 level=DEBUG thread=main logger=e.e.c.T.c.s.impl.TournamentServiceImpl requestId=N/A method=N/A path=N/A msg=Tournament retrieved with current status: DRAFT 
ts=2026-04-05T12:16:22.787-05:00 level=DEBUG thread=main logger=e.e.c.T.c.s.impl.TournamentServiceImpl requestId=N/A method=N/A path=N/A msg=Tournament configuration updated in memory 
ts=2026-04-05T12:16:22.788-05:00 level=INFO  thread=main logger=e.e.c.T.c.s.impl.TournamentServiceImpl requestId=N/A method=N/A path=N/A msg=Tournament configured successfully for id: 1 
ts=2026-04-05T12:16:22.788-05:00 level=DEBUG thread=main logger=e.e.c.T.c.s.impl.TournamentServiceImpl requestId=N/A method=N/A path=N/A msg=Tournament persisted to database 
ts=2026-04-05T12:16:22.795-05:00 level=INFO  thread=main logger=e.e.c.T.c.s.impl.TournamentServiceImpl requestId=N/A method=N/A path=N/A msg=Fetching tournament: 1 
ts=2026-04-05T12:16:22.802-05:00 level=INFO  thread=main logger=e.e.c.T.c.s.impl.TournamentServiceImpl requestId=N/A method=N/A path=N/A msg=Fetching tournament: 999 
ts=2026-04-05T12:16:22.803-05:00 level=WARN  thread=main logger=e.e.c.T.c.s.impl.TournamentServiceImpl requestId=N/A method=N/A path=N/A msg=Tournament 999 not found 
ts=2026-04-05T12:16:22.811-05:00 level=INFO  thread=main logger=e.e.c.T.c.s.impl.TournamentServiceImpl requestId=N/A method=N/A path=N/A msg=Creating new tournament: Football Tournament 2026-1 
ts=2026-04-05T12:16:22.811-05:00 level=INFO  thread=main logger=e.e.c.T.c.s.impl.TournamentServiceImpl requestId=N/A method=N/A path=N/A msg=Tournament created successfully with id: 1 
ts=2026-04-05T12:16:22.818-05:00 level=INFO  thread=main logger=e.e.c.T.c.s.impl.TournamentServiceImpl requestId=N/A method=N/A path=N/A msg=Creating new tournament: Football Tournament 2026-1 
ts=2026-04-05T12:16:22.819-05:00 level=INFO  thread=main logger=e.e.c.T.c.s.impl.TournamentServiceImpl requestId=N/A method=N/A path=N/A msg=Tournament created successfully with id: 1 
ts=2026-04-05T12:38:21.510-05:00 level=INFO  thread=background-preinit logger=o.h.validator.internal.util.Version requestId=N/A method=N/A path=N/A msg=HV000001: Hibernate Validator 8.0.1.Final 
ts=2026-04-05T12:38:21.569-05:00 level=INFO  thread=main logger=e.e.c.T.c.TournamentControllerSecurityTest requestId=N/A method=N/A path=N/A msg=Starting TournamentControllerSecurityTest using Java 21.0.10 with PID 28204 (started by juanv in C:\Users\juanv\OneDrive\Documentos\DOSW\Tech-Cup-DOSW-2026-1) 
ts=2026-04-05T12:38:21.570-05:00 level=DEBUG thread=main logger=e.e.c.T.c.TournamentControllerSecurityTest requestId=N/A method=N/A path=N/A msg=Running with Spring Boot v3.3.0, Spring v6.1.8 
ts=2026-04-05T12:38:21.571-05:00 level=INFO  thread=main logger=e.e.c.T.c.TournamentControllerSecurityTest requestId=N/A method=N/A path=N/A msg=The following 1 profile is active: "ssl-test" 
ts=2026-04-05T12:38:26.122-05:00 level=INFO  thread=main logger=o.s.s.web.DefaultSecurityFilterChain requestId=N/A method=N/A path=N/A msg=Will secure any request with [org.springframework.security.web.session.DisableEncodeUrlFilter@1e23ee0e, org.springframework.security.web.context.request.async.WebAsyncManagerIntegrationFilter@b144175, org.springframework.security.web.context.SecurityContextHolderFilter@2507a170, org.springframework.security.web.header.HeaderWriterFilter@46b21632, org.springframework.web.filter.CorsFilter@38923cfe, org.springframework.security.web.authentication.logout.LogoutFilter@6f6f65a4, org.springframework.security.oauth2.client.web.OAuth2AuthorizationRequestRedirectFilter@11f9b95a, org.springframework.security.oauth2.client.web.OAuth2LoginAuthenticationFilter@299786b1, eci.edu.co.Tech_Cup_DOSW_BackEnd_2026_1.core.security.JwtAuthenticationFilter@531a716c, org.springframework.security.web.savedrequest.RequestCacheAwareFilter@3af39e7b, org.springframework.security.web.servletapi.SecurityContextHolderAwareRequestFilter@1c62d2ad, org.springframework.security.web.authentication.AnonymousAuthenticationFilter@1ac3a6f, org.springframework.security.web.session.SessionManagementFilter@79144d0e, org.springframework.security.web.access.ExceptionTranslationFilter@2842c098, org.springframework.security.web.access.intercept.AuthorizationFilter@67593f7b] 
ts=2026-04-05T12:38:26.527-05:00 level=DEBUG thread=main logger=e.e.c.T.c.logging.RequestTracingFilter requestId=N/A method=N/A path=N/A msg=Filter 'requestTracingFilter' configured for use 
ts=2026-04-05T12:38:26.527-05:00 level=DEBUG thread=main logger=e.e.c.T.c.s.JwtAuthenticationFilter requestId=N/A method=N/A path=N/A msg=Filter 'jwtAuthenticationFilter' configured for use 
ts=2026-04-05T12:38:26.537-05:00 level=INFO  thread=main logger=o.s.b.t.m.w.SpringBootMockServletContext requestId=N/A method=N/A path=N/A msg=Initializing Spring TestDispatcherServlet '' 
ts=2026-04-05T12:38:26.537-05:00 level=INFO  thread=main logger=o.s.t.web.servlet.TestDispatcherServlet requestId=N/A method=N/A path=N/A msg=Initializing Servlet '' 
ts=2026-04-05T12:38:26.539-05:00 level=INFO  thread=main logger=o.s.t.web.servlet.TestDispatcherServlet requestId=N/A method=N/A path=N/A msg=Completed initialization in 1 ms 
ts=2026-04-05T12:38:26.576-05:00 level=INFO  thread=main logger=e.e.c.T.c.TournamentControllerSecurityTest requestId=N/A method=N/A path=N/A msg=Started TournamentControllerSecurityTest in 5.828 seconds (process running for 7.663) 
ts=2026-04-05T12:38:26.847-05:00 level=INFO  thread=main logger=e.e.c.T.c.logging.RequestTracingFilter requestId=974fdfbf-4603-42fc-a198-3ccc1ca73ab5 method=PUT path=/api/tournaments/1/setup msg=request_received 
ts=2026-04-05T12:38:27.067-05:00 level=INFO  thread=main logger=e.e.c.T.controller.TournamentController requestId=974fdfbf-4603-42fc-a198-3ccc1ca73ab5 method=PUT path=/api/tournaments/1/setup msg=REST setup tournament endpoint called for id: 1 
ts=2026-04-05T12:38:27.133-05:00 level=INFO  thread=main logger=e.e.c.T.c.logging.RequestTracingFilter requestId=974fdfbf-4603-42fc-a198-3ccc1ca73ab5 method=PUT path=/api/tournaments/1/setup msg=request_completed status=200 durationMs=287 
ts=2026-04-05T12:38:27.172-05:00 level=INFO  thread=main logger=e.e.c.T.c.logging.RequestTracingFilter requestId=2c248e23-79e5-4a99-9034-fc31c84e8dd8 method=PUT path=/api/tournaments/1/setup msg=request_received 
ts=2026-04-05T12:38:27.177-05:00 level=WARN  thread=main logger=e.e.c.T.c.handler.GlobalExceptionHandler requestId=2c248e23-79e5-4a99-9034-fc31c84e8dd8 method=PUT path=/api/tournaments/1/setup msg=access_denied message=Access Denied 
ts=2026-04-05T12:38:27.186-05:00 level=INFO  thread=main logger=e.e.c.T.c.logging.RequestTracingFilter requestId=2c248e23-79e5-4a99-9034-fc31c84e8dd8 method=PUT path=/api/tournaments/1/setup msg=request_completed status=403 durationMs=14 
ts=2026-04-05T12:38:27.198-05:00 level=INFO  thread=main logger=e.e.c.T.c.logging.RequestTracingFilter requestId=5146028f-676e-41d0-8b03-2cc6130017ae method=POST path=/api/tournaments msg=request_received 
ts=2026-04-05T12:38:27.211-05:00 level=INFO  thread=main logger=e.e.c.T.controller.TournamentController requestId=5146028f-676e-41d0-8b03-2cc6130017ae method=POST path=/api/tournaments msg=REST create tournament endpoint called 
ts=2026-04-05T12:38:27.218-05:00 level=INFO  thread=main logger=e.e.c.T.c.logging.RequestTracingFilter requestId=5146028f-676e-41d0-8b03-2cc6130017ae method=POST path=/api/tournaments msg=request_completed status=201 durationMs=20 
ts=2026-04-05T12:38:27.228-05:00 level=INFO  thread=main logger=e.e.c.T.c.logging.RequestTracingFilter requestId=c0f4d2e4-4cc9-4f6d-81ec-1c7928e00d7c method=GET path=/api/tournaments/1 msg=request_received 
ts=2026-04-05T12:38:27.230-05:00 level=INFO  thread=main logger=e.e.c.T.controller.TournamentController requestId=c0f4d2e4-4cc9-4f6d-81ec-1c7928e00d7c method=GET path=/api/tournaments/1 msg=REST get tournament endpoint called for id: 1 
ts=2026-04-05T12:38:27.232-05:00 level=INFO  thread=main logger=e.e.c.T.c.logging.RequestTracingFilter requestId=c0f4d2e4-4cc9-4f6d-81ec-1c7928e00d7c method=GET path=/api/tournaments/1 msg=request_completed status=200 durationMs=4 
ts=2026-04-05T12:38:27.241-05:00 level=INFO  thread=main logger=e.e.c.T.c.logging.RequestTracingFilter requestId=1acabdac-c5ce-416c-aec3-7807a09cbede method=PATCH path=/api/tournaments/1/status msg=request_received 
ts=2026-04-05T12:38:27.250-05:00 level=INFO  thread=main logger=e.e.c.T.controller.TournamentController requestId=1acabdac-c5ce-416c-aec3-7807a09cbede method=PATCH path=/api/tournaments/1/status msg=REST change tournament status endpoint called for id: 1 
ts=2026-04-05T12:38:27.251-05:00 level=INFO  thread=main logger=e.e.c.T.c.logging.RequestTracingFilter requestId=1acabdac-c5ce-416c-aec3-7807a09cbede method=PATCH path=/api/tournaments/1/status msg=request_completed status=200 durationMs=10 
ts=2026-04-05T12:38:27.260-05:00 level=INFO  thread=main logger=e.e.c.T.c.logging.RequestTracingFilter requestId=b92e6c76-27bb-4ebb-b58b-b7d81b9f287b method=POST path=/api/tournaments msg=request_received 
ts=2026-04-05T12:38:27.261-05:00 level=INFO  thread=main logger=e.e.c.T.controller.TournamentController requestId=b92e6c76-27bb-4ebb-b58b-b7d81b9f287b method=POST path=/api/tournaments msg=REST create tournament endpoint called 
ts=2026-04-05T12:38:27.262-05:00 level=INFO  thread=main logger=e.e.c.T.c.logging.RequestTracingFilter requestId=b92e6c76-27bb-4ebb-b58b-b7d81b9f287b method=POST path=/api/tournaments msg=request_completed status=201 durationMs=2 
ts=2026-04-05T12:38:27.269-05:00 level=INFO  thread=main logger=e.e.c.T.c.logging.RequestTracingFilter requestId=ccd75ef9-ea88-4bdc-aea3-3bd382438d6e method=PATCH path=/api/tournaments/1/status msg=request_received 
ts=2026-04-05T12:38:27.270-05:00 level=WARN  thread=main logger=e.e.c.T.c.handler.GlobalExceptionHandler requestId=ccd75ef9-ea88-4bdc-aea3-3bd382438d6e method=PATCH path=/api/tournaments/1/status msg=access_denied message=Access Denied 
ts=2026-04-05T12:38:27.271-05:00 level=INFO  thread=main logger=e.e.c.T.c.logging.RequestTracingFilter requestId=ccd75ef9-ea88-4bdc-aea3-3bd382438d6e method=PATCH path=/api/tournaments/1/status msg=request_completed status=403 durationMs=2 
ts=2026-04-05T12:38:27.279-05:00 level=INFO  thread=main logger=e.e.c.T.c.logging.RequestTracingFilter requestId=063f70b2-0ece-4954-81a7-362d89d5113c method=POST path=/api/tournaments msg=request_received 
ts=2026-04-05T12:38:27.280-05:00 level=WARN  thread=main logger=e.e.c.T.c.handler.GlobalExceptionHandler requestId=063f70b2-0ece-4954-81a7-362d89d5113c method=POST path=/api/tournaments msg=access_denied message=Access Denied 
ts=2026-04-05T12:38:27.281-05:00 level=INFO  thread=main logger=e.e.c.T.c.logging.RequestTracingFilter requestId=063f70b2-0ece-4954-81a7-362d89d5113c method=POST path=/api/tournaments msg=request_completed status=403 durationMs=2 
ts=2026-04-05T12:38:27.316-05:00 level=INFO  thread=main logger=e.e.c.T.c.logging.RequestTracingFilter requestId=df78b0ef-c934-44fa-b18f-46c0a94c6a5e method=POST path=/api/tournaments msg=request_received 
ts=2026-04-05T12:38:27.318-05:00 level=WARN  thread=main logger=e.e.c.T.c.handler.GlobalExceptionHandler requestId=df78b0ef-c934-44fa-b18f-46c0a94c6a5e method=POST path=/api/tournaments msg=access_denied message=Access Denied 
ts=2026-04-05T12:38:27.318-05:00 level=INFO  thread=main logger=e.e.c.T.c.logging.RequestTracingFilter requestId=df78b0ef-c934-44fa-b18f-46c0a94c6a5e method=POST path=/api/tournaments msg=request_completed status=403 durationMs=2 
ts=2026-04-05T12:38:27.327-05:00 level=INFO  thread=main logger=e.e.c.T.c.logging.RequestTracingFilter requestId=1a6941a7-fe5d-4dd3-99ad-f236cfd8d2e9 method=PATCH path=/api/tournaments/1/status msg=request_received 
ts=2026-04-05T12:38:27.328-05:00 level=INFO  thread=main logger=e.e.c.T.controller.TournamentController requestId=1a6941a7-fe5d-4dd3-99ad-f236cfd8d2e9 method=PATCH path=/api/tournaments/1/status msg=REST change tournament status endpoint called for id: 1 
ts=2026-04-05T12:38:27.329-05:00 level=INFO  thread=main logger=e.e.c.T.c.logging.RequestTracingFilter requestId=1a6941a7-fe5d-4dd3-99ad-f236cfd8d2e9 method=PATCH path=/api/tournaments/1/status msg=request_completed status=200 durationMs=2 
ts=2026-04-05T12:38:27.337-05:00 level=INFO  thread=main logger=e.e.c.T.c.logging.RequestTracingFilter requestId=6e4ce872-71ec-4e23-a200-43deab742f4f method=PUT path=/api/tournaments/1/config msg=request_received 
ts=2026-04-05T12:38:27.342-05:00 level=WARN  thread=main logger=e.e.c.T.c.handler.GlobalExceptionHandler requestId=6e4ce872-71ec-4e23-a200-43deab742f4f method=PUT path=/api/tournaments/1/config msg=access_denied message=Access Denied 
ts=2026-04-05T12:38:27.342-05:00 level=INFO  thread=main logger=e.e.c.T.c.logging.RequestTracingFilter requestId=6e4ce872-71ec-4e23-a200-43deab742f4f method=PUT path=/api/tournaments/1/config msg=request_completed status=403 durationMs=5 
ts=2026-04-05T12:38:27.351-05:00 level=INFO  thread=main logger=e.e.c.T.c.logging.RequestTracingFilter requestId=18ba2e19-5f7d-4e15-8ba3-587ef85ed8e4 method=PUT path=/api/tournaments/1/config msg=request_received 
ts=2026-04-05T12:38:27.354-05:00 level=INFO  thread=main logger=e.e.c.T.controller.TournamentController requestId=18ba2e19-5f7d-4e15-8ba3-587ef85ed8e4 method=PUT path=/api/tournaments/1/config msg=REST configure tournament endpoint called for id: 1 
ts=2026-04-05T12:38:27.356-05:00 level=INFO  thread=main logger=e.e.c.T.c.logging.RequestTracingFilter requestId=18ba2e19-5f7d-4e15-8ba3-587ef85ed8e4 method=PUT path=/api/tournaments/1/config msg=request_completed status=200 durationMs=5 
ts=2026-04-05T12:38:27.370-05:00 level=INFO  thread=main logger=e.e.c.T.c.logging.RequestTracingFilter requestId=2842172e-e92c-4007-a94b-7a34a6247ac1 method=PUT path=/api/tournaments/1/setup msg=request_received 
ts=2026-04-05T12:38:27.371-05:00 level=INFO  thread=main logger=e.e.c.T.controller.TournamentController requestId=2842172e-e92c-4007-a94b-7a34a6247ac1 method=PUT path=/api/tournaments/1/setup msg=REST setup tournament endpoint called for id: 1 
ts=2026-04-05T12:38:27.372-05:00 level=INFO  thread=main logger=e.e.c.T.c.logging.RequestTracingFilter requestId=2842172e-e92c-4007-a94b-7a34a6247ac1 method=PUT path=/api/tournaments/1/setup msg=request_completed status=200 durationMs=2 
ts=2026-04-05T12:38:27.384-05:00 level=INFO  thread=main logger=o.s.t.c.s.AnnotationConfigContextLoaderUtils requestId=N/A method=N/A path=N/A msg=Could not detect default configuration classes for test class [eci.edu.co.Tech_Cup_DOSW_BackEnd_2026_1.controller.TournamentControllerTest]: TournamentControllerTest does not declare any static, non-private, non-final, nested classes annotated with @Configuration. 
ts=2026-04-05T12:38:27.404-05:00 level=INFO  thread=main logger=o.s.b.t.c.SpringBootTestContextBootstrapper requestId=N/A method=N/A path=N/A msg=Found @SpringBootConfiguration eci.edu.co.Tech_Cup_DOSW_BackEnd_2026_1.TechCupDoswBackEnd20261Application for test class eci.edu.co.Tech_Cup_DOSW_BackEnd_2026_1.controller.TournamentControllerTest 
ts=2026-04-05T12:38:27.461-05:00 level=INFO  thread=main logger=e.e.c.T.c.TournamentControllerTest requestId=N/A method=N/A path=N/A msg=Starting TournamentControllerTest using Java 21.0.10 with PID 28204 (started by juanv in C:\Users\juanv\OneDrive\Documentos\DOSW\Tech-Cup-DOSW-2026-1) 
ts=2026-04-05T12:38:27.461-05:00 level=DEBUG thread=main logger=e.e.c.T.c.TournamentControllerTest requestId=N/A method=N/A path=N/A msg=Running with Spring Boot v3.3.0, Spring v6.1.8 
ts=2026-04-05T12:38:27.461-05:00 level=INFO  thread=main logger=e.e.c.T.c.TournamentControllerTest requestId=N/A method=N/A path=N/A msg=The following 1 profile is active: "ssl-test" 
ts=2026-04-05T12:38:29.906-05:00 level=INFO  thread=main logger=o.s.s.web.DefaultSecurityFilterChain requestId=N/A method=N/A path=N/A msg=Will secure any request with [org.springframework.security.web.session.DisableEncodeUrlFilter@7010c9e4, org.springframework.security.web.context.request.async.WebAsyncManagerIntegrationFilter@28befd62, org.springframework.security.web.context.SecurityContextHolderFilter@1d45c4b7, org.springframework.security.web.header.HeaderWriterFilter@7dd2a5f7, org.springframework.web.filter.CorsFilter@10f60e36, org.springframework.security.web.csrf.CsrfFilter@6c26e588, org.springframework.security.web.authentication.logout.LogoutFilter@2396408a, org.springframework.security.oauth2.client.web.OAuth2AuthorizationRequestRedirectFilter@6406b84d, org.springframework.security.oauth2.client.web.OAuth2AuthorizationRequestRedirectFilter@5e643402, org.springframework.security.oauth2.client.web.OAuth2LoginAuthenticationFilter@5274acd1, org.springframework.security.web.authentication.ui.DefaultLoginPageGeneratingFilter@7575f7e1, org.springframework.security.web.authentication.ui.DefaultLogoutPageGeneratingFilter@8ad182c, org.springframework.security.web.savedrequest.RequestCacheAwareFilter@46146832, org.springframework.security.web.servletapi.SecurityContextHolderAwareRequestFilter@1d6014a7, org.springframework.security.web.authentication.AnonymousAuthenticationFilter@7e84af34, org.springframework.security.oauth2.client.web.OAuth2AuthorizationCodeGrantFilter@763ddfc3, org.springframework.security.web.access.ExceptionTranslationFilter@62f73b0c, org.springframework.security.web.access.intercept.AuthorizationFilter@5f7bd970] 
ts=2026-04-05T12:38:29.929-05:00 level=INFO  thread=main logger=o.s.b.t.m.w.SpringBootMockServletContext requestId=N/A method=N/A path=N/A msg=Initializing Spring TestDispatcherServlet '' 
ts=2026-04-05T12:38:29.929-05:00 level=INFO  thread=main logger=o.s.t.web.servlet.TestDispatcherServlet requestId=N/A method=N/A path=N/A msg=Initializing Servlet '' 
ts=2026-04-05T12:38:29.930-05:00 level=INFO  thread=main logger=o.s.t.web.servlet.TestDispatcherServlet requestId=N/A method=N/A path=N/A msg=Completed initialization in 1 ms 
ts=2026-04-05T12:38:29.938-05:00 level=INFO  thread=main logger=e.e.c.T.c.TournamentControllerTest requestId=N/A method=N/A path=N/A msg=Started TournamentControllerTest in 2.528 seconds (process running for 11.026) 
ts=2026-04-05T12:38:29.968-05:00 level=INFO  thread=main logger=e.e.c.T.controller.TournamentController requestId=N/A method=N/A path=N/A msg=REST setup tournament endpoint called for id: 999 
ts=2026-04-05T12:38:29.969-05:00 level=WARN  thread=main logger=e.e.c.T.c.handler.GlobalExceptionHandler requestId=N/A method=N/A path=N/A msg=resource_not_found message=Tournament not found 
ts=2026-04-05T12:38:29.987-05:00 level=INFO  thread=main logger=e.e.c.T.controller.TournamentController requestId=N/A method=N/A path=N/A msg=REST configure tournament endpoint called for id: 999 
ts=2026-04-05T12:38:29.989-05:00 level=WARN  thread=main logger=e.e.c.T.c.handler.GlobalExceptionHandler requestId=N/A method=N/A path=N/A msg=resource_not_found message=Tournament not found 
ts=2026-04-05T12:38:29.999-05:00 level=INFO  thread=main logger=e.e.c.T.controller.TournamentController requestId=N/A method=N/A path=N/A msg=REST get tournament endpoint called for id: 1 
ts=2026-04-05T12:38:30.063-05:00 level=INFO  thread=main logger=e.e.c.T.controller.TournamentController requestId=N/A method=N/A path=N/A msg=REST create tournament endpoint called 
ts=2026-04-05T12:38:30.071-05:00 level=INFO  thread=main logger=e.e.c.T.controller.TournamentController requestId=N/A method=N/A path=N/A msg=REST setup tournament endpoint called for id: 1 
ts=2026-04-05T12:38:30.072-05:00 level=WARN  thread=main logger=e.e.c.T.c.handler.GlobalExceptionHandler requestId=N/A method=N/A path=N/A msg=validation_exception message=Errores de validacion 
ts=2026-04-05T12:38:30.087-05:00 level=INFO  thread=main logger=e.e.c.T.controller.TournamentController requestId=N/A method=N/A path=N/A msg=REST get tournament endpoint called for id: 999 
ts=2026-04-05T12:38:30.088-05:00 level=WARN  thread=main logger=e.e.c.T.c.handler.GlobalExceptionHandler requestId=N/A method=N/A path=N/A msg=resource_not_found message=Tournament not found 
ts=2026-04-05T12:38:30.098-05:00 level=INFO  thread=main logger=e.e.c.T.controller.TournamentController requestId=N/A method=N/A path=N/A msg=REST change tournament status endpoint called for id: 1 
ts=2026-04-05T12:38:30.109-05:00 level=INFO  thread=main logger=e.e.c.T.controller.TournamentController requestId=N/A method=N/A path=N/A msg=REST setup tournament endpoint called for id: 1 
ts=2026-04-05T12:38:30.121-05:00 level=INFO  thread=main logger=e.e.c.T.controller.TournamentController requestId=N/A method=N/A path=N/A msg=REST change tournament status endpoint called for id: 999 
ts=2026-04-05T12:38:30.121-05:00 level=WARN  thread=main logger=e.e.c.T.c.handler.GlobalExceptionHandler requestId=N/A method=N/A path=N/A msg=resource_not_found message=Tournament not found 
ts=2026-04-05T12:38:30.128-05:00 level=INFO  thread=main logger=e.e.c.T.controller.TournamentController requestId=N/A method=N/A path=N/A msg=REST configure tournament endpoint called for id: 1 
ts=2026-04-05T12:38:30.894-05:00 level=INFO  thread=main logger=e.e.c.T.c.s.impl.TournamentServiceImpl requestId=N/A method=N/A path=N/A msg=Setting up tournament: 999 
ts=2026-04-05T12:38:30.895-05:00 level=WARN  thread=main logger=e.e.c.T.c.s.impl.TournamentServiceImpl requestId=N/A method=N/A path=N/A msg=Tournament 999 not found 
ts=2026-04-05T12:38:30.908-05:00 level=INFO  thread=main logger=e.e.c.T.c.s.impl.TournamentServiceImpl requestId=N/A method=N/A path=N/A msg=Setting up tournament: 1 
ts=2026-04-05T12:38:30.908-05:00 level=DEBUG thread=main logger=e.e.c.T.c.s.impl.TournamentServiceImpl requestId=N/A method=N/A path=N/A msg=Tournament rules and sanction config updated 
ts=2026-04-05T12:38:30.911-05:00 level=DEBUG thread=main logger=e.e.c.T.c.s.impl.TournamentServiceImpl requestId=N/A method=N/A path=N/A msg=Saved 0 courts for tournament 1 
ts=2026-04-05T12:38:30.913-05:00 level=DEBUG thread=main logger=e.e.c.T.c.s.impl.TournamentServiceImpl requestId=N/A method=N/A path=N/A msg=Saved 0 dates for tournament 1 
ts=2026-04-05T12:38:30.913-05:00 level=INFO  thread=main logger=e.e.c.T.c.s.impl.TournamentServiceImpl requestId=N/A method=N/A path=N/A msg=Tournament 1 setup completed successfully 
ts=2026-04-05T12:38:30.956-05:00 level=INFO  thread=main logger=e.e.c.T.c.s.impl.TournamentServiceImpl requestId=N/A method=N/A path=N/A msg=Setting up tournament: 1 
ts=2026-04-05T12:38:30.957-05:00 level=DEBUG thread=main logger=e.e.c.T.c.s.impl.TournamentServiceImpl requestId=N/A method=N/A path=N/A msg=Tournament rules and sanction config updated 
ts=2026-04-05T12:38:30.957-05:00 level=DEBUG thread=main logger=e.e.c.T.c.s.impl.TournamentServiceImpl requestId=N/A method=N/A path=N/A msg=Saved 2 courts for tournament 1 
ts=2026-04-05T12:38:30.957-05:00 level=DEBUG thread=main logger=e.e.c.T.c.s.impl.TournamentServiceImpl requestId=N/A method=N/A path=N/A msg=Saved 0 dates for tournament 1 
ts=2026-04-05T12:38:30.957-05:00 level=INFO  thread=main logger=e.e.c.T.c.s.impl.TournamentServiceImpl requestId=N/A method=N/A path=N/A msg=Tournament 1 setup completed successfully 
ts=2026-04-05T12:38:30.965-05:00 level=INFO  thread=main logger=e.e.c.T.c.s.impl.TournamentServiceImpl requestId=N/A method=N/A path=N/A msg=Setting up tournament: 1 
ts=2026-04-05T12:38:30.966-05:00 level=DEBUG thread=main logger=e.e.c.T.c.s.impl.TournamentServiceImpl requestId=N/A method=N/A path=N/A msg=Tournament rules and sanction config updated 
ts=2026-04-05T12:38:30.966-05:00 level=DEBUG thread=main logger=e.e.c.T.c.s.impl.TournamentServiceImpl requestId=N/A method=N/A path=N/A msg=Saved 2 courts for tournament 1 
ts=2026-04-05T12:38:30.967-05:00 level=DEBUG thread=main logger=e.e.c.T.c.s.impl.TournamentServiceImpl requestId=N/A method=N/A path=N/A msg=Saved 1 dates for tournament 1 
ts=2026-04-05T12:38:30.967-05:00 level=INFO  thread=main logger=e.e.c.T.c.s.impl.TournamentServiceImpl requestId=N/A method=N/A path=N/A msg=Tournament 1 setup completed successfully 
ts=2026-04-05T12:38:30.977-05:00 level=INFO  thread=main logger=e.e.c.T.c.s.impl.TournamentServiceImpl requestId=N/A method=N/A path=N/A msg=Changing status for tournament: 1 to ACTIVE 
ts=2026-04-05T12:38:30.978-05:00 level=DEBUG thread=main logger=e.e.c.T.c.s.impl.TournamentServiceImpl requestId=N/A method=N/A path=N/A msg=Tournament state transition - from: DRAFT to: ACTIVE 
ts=2026-04-05T12:38:30.979-05:00 level=DEBUG thread=main logger=e.e.c.T.c.s.impl.TournamentServiceImpl requestId=N/A method=N/A path=N/A msg=Status transition validated successfully 
ts=2026-04-05T12:38:30.979-05:00 level=DEBUG thread=main logger=e.e.c.T.c.s.impl.TournamentServiceImpl requestId=N/A method=N/A path=N/A msg=Tournament status updated in memory 
ts=2026-04-05T12:38:30.979-05:00 level=INFO  thread=main logger=e.e.c.T.c.s.impl.TournamentServiceImpl requestId=N/A method=N/A path=N/A msg=Tournament status updated successfully for id: 1 
ts=2026-04-05T12:38:30.979-05:00 level=DEBUG thread=main logger=e.e.c.T.c.s.impl.TournamentServiceImpl requestId=N/A method=N/A path=N/A msg=Status transition persisted to database 
ts=2026-04-05T12:38:30.988-05:00 level=INFO  thread=main logger=e.e.c.T.c.s.impl.TournamentServiceImpl requestId=N/A method=N/A path=N/A msg=Changing status for tournament: 1 to FINISHED 
ts=2026-04-05T12:38:30.988-05:00 level=DEBUG thread=main logger=e.e.c.T.c.s.impl.TournamentServiceImpl requestId=N/A method=N/A path=N/A msg=Tournament state transition - from: DRAFT to: FINISHED 
ts=2026-04-05T12:38:30.994-05:00 level=INFO  thread=main logger=e.e.c.T.c.s.impl.TournamentServiceImpl requestId=N/A method=N/A path=N/A msg=Changing status for tournament: 999 to ACTIVE 
ts=2026-04-05T12:38:30.994-05:00 level=WARN  thread=main logger=e.e.c.T.c.s.impl.TournamentServiceImpl requestId=N/A method=N/A path=N/A msg=Tournament 999 not found 
ts=2026-04-05T12:38:31.003-05:00 level=INFO  thread=main logger=e.e.c.T.c.s.impl.TournamentServiceImpl requestId=N/A method=N/A path=N/A msg=Configuring tournament: 999 
ts=2026-04-05T12:38:31.003-05:00 level=DEBUG thread=main logger=e.e.c.T.c.s.impl.TournamentServiceImpl requestId=N/A method=N/A path=N/A msg=Configuration parameters - startDate: 2026-04-01, endDate: 2026-06-30, teamCount: 8, costPerTeam: 300000.0 
ts=2026-04-05T12:38:31.004-05:00 level=WARN  thread=main logger=e.e.c.T.c.s.impl.TournamentServiceImpl requestId=N/A method=N/A path=N/A msg=Tournament 999 not found 
ts=2026-04-05T12:38:31.019-05:00 level=INFO  thread=main logger=e.e.c.T.c.s.impl.TournamentServiceImpl requestId=N/A method=N/A path=N/A msg=Configuring tournament: 1 
ts=2026-04-05T12:38:31.020-05:00 level=DEBUG thread=main logger=e.e.c.T.c.s.impl.TournamentServiceImpl requestId=N/A method=N/A path=N/A msg=Configuration parameters - startDate: 2026-04-01, endDate: 2026-06-30, teamCount: 8, costPerTeam: 300000.0 
ts=2026-04-05T12:38:31.020-05:00 level=DEBUG thread=main logger=e.e.c.T.c.s.impl.TournamentServiceImpl requestId=N/A method=N/A path=N/A msg=Tournament retrieved with current status: DRAFT 
ts=2026-04-05T12:38:31.020-05:00 level=DEBUG thread=main logger=e.e.c.T.c.s.impl.TournamentServiceImpl requestId=N/A method=N/A path=N/A msg=Tournament configuration updated in memory 
ts=2026-04-05T12:38:31.020-05:00 level=INFO  thread=main logger=e.e.c.T.c.s.impl.TournamentServiceImpl requestId=N/A method=N/A path=N/A msg=Tournament configured successfully for id: 1 
ts=2026-04-05T12:38:31.020-05:00 level=DEBUG thread=main logger=e.e.c.T.c.s.impl.TournamentServiceImpl requestId=N/A method=N/A path=N/A msg=Tournament persisted to database 
ts=2026-04-05T12:38:31.028-05:00 level=INFO  thread=main logger=e.e.c.T.c.s.impl.TournamentServiceImpl requestId=N/A method=N/A path=N/A msg=Fetching tournament: 1 
ts=2026-04-05T12:38:31.035-05:00 level=INFO  thread=main logger=e.e.c.T.c.s.impl.TournamentServiceImpl requestId=N/A method=N/A path=N/A msg=Fetching tournament: 999 
ts=2026-04-05T12:38:31.035-05:00 level=WARN  thread=main logger=e.e.c.T.c.s.impl.TournamentServiceImpl requestId=N/A method=N/A path=N/A msg=Tournament 999 not found 
ts=2026-04-05T12:38:31.043-05:00 level=INFO  thread=main logger=e.e.c.T.c.s.impl.TournamentServiceImpl requestId=N/A method=N/A path=N/A msg=Creating new tournament: Football Tournament 2026-1 
ts=2026-04-05T12:38:31.044-05:00 level=INFO  thread=main logger=e.e.c.T.c.s.impl.TournamentServiceImpl requestId=N/A method=N/A path=N/A msg=Tournament created successfully with id: 1 
ts=2026-04-05T12:38:31.047-05:00 level=INFO  thread=main logger=e.e.c.T.c.s.impl.TournamentServiceImpl requestId=N/A method=N/A path=N/A msg=Creating new tournament: Football Tournament 2026-1 
ts=2026-04-05T12:38:31.048-05:00 level=INFO  thread=main logger=e.e.c.T.c.s.impl.TournamentServiceImpl requestId=N/A method=N/A path=N/A msg=Tournament created successfully with id: 1 
